#
# There is insufficient memory for the Java Runtime Environment to continue.
# Native memory allocation (mmap) failed to map 123731968 bytes. Error detail: G1 virtual space
# Possible reasons:
#   The system is out of physical RAM or swap space
#   This process is running with CompressedOops enabled, and the Java Heap may be blocking the growth of the native heap
# Possible solutions:
#   Reduce memory load on the system
#   Increase physical memory or swap space
#   Check if swap backing store is full
#   Decrease Java heap size (-Xmx/-Xms)
#   Decrease number of Java threads
#   Decrease Java thread stack sizes (-Xss)
#   Set larger code cache with -XX:ReservedCodeCacheSize=
#   JVM is running with Unscaled Compressed Oops mode in which the Java heap is
#     placed in the first 4GB address space. The Java Heap base address is the
#     maximum limit for the native heap growth. Please use -XX:HeapBaseMinAddress
#     to set the Java Heap base and to place the Java Heap above 4GB virtual address.
# This output file may be truncated or incomplete.
#
#  Out of Memory Error (os_windows.cpp:3825), pid=12376, tid=9152
#
# JRE version: OpenJDK Runtime Environment (17.0.11) (build 17.0.11+0--11852314)
# Java VM: OpenJDK 64-Bit Server VM (17.0.11+0--11852314, mixed mode, tiered, compressed oops, compressed class ptrs, g1 gc, windows-amd64)
# No core dump will be written. Minidumps are not enabled by default on client versions of Windows
#

---------------  S U M M A R Y ------------

Command Line: --add-opens=java.base/java.util=ALL-UNNAMED --add-opens=java.base/java.lang=ALL-UNNAMED --add-opens=java.base/java.lang.invoke=ALL-UNNAMED --add-opens=java.prefs/java.util.prefs=ALL-UNNAMED --add-exports=jdk.compiler/com.sun.tools.javac.api=ALL-UNNAMED --add-exports=jdk.compiler/com.sun.tools.javac.util=ALL-UNNAMED --add-opens=java.base/java.nio.charset=ALL-UNNAMED --add-opens=java.base/java.net=ALL-UNNAMED --add-opens=java.base/java.util.concurrent.atomic=ALL-UNNAMED -Xmx2048m -Dfile.encoding=UTF-8 -Duser.country=IN -Duser.language=en -Duser.variant -javaagent:C:\Users\akash\.gradle\wrapper\dists\gradle-8.10.2-bin\a04bxjujx95o3nb99gddekhwo\gradle-8.10.2\lib\agents\gradle-instrumentation-agent-8.10.2.jar org.gradle.launcher.daemon.bootstrap.GradleDaemon 8.10.2

Host: 11th Gen Intel(R) Core(TM) i5-11320H @ 3.20GHz, 8 cores, 15G,  Windows 11 , 64 bit Build 26100 (10.0.26100.3575)
Time: Sat May  3 18:51:10 2025 India Standard Time elapsed time: 15.623972 seconds (0d 0h 0m 15s)

---------------  T H R E A D  ---------------

Current thread (0x000001916051b6e0):  VMThread "VM Thread" [stack: 0x00000001f2c00000,0x00000001f2d00000] [id=9152]

Stack: [0x00000001f2c00000,0x00000001f2d00000]
Native frames: (J=compiled Java code, j=interpreted, Vv=VM code, C=native code)
V  [jvm.dll+0x687bb9]
V  [jvm.dll+0x84142a]
V  [jvm.dll+0x8430ae]
V  [jvm.dll+0x843713]
V  [jvm.dll+0x24a35f]
V  [jvm.dll+0x684989]
V  [jvm.dll+0x67923a]
V  [jvm.dll+0x30af0b]
V  [jvm.dll+0x3123b6]
V  [jvm.dll+0x361dfe]
V  [jvm.dll+0x36202f]
V  [jvm.dll+0x2e0d38]
V  [jvm.dll+0x2df144]
V  [jvm.dll+0x2de74c]
V  [jvm.dll+0x32305b]
V  [jvm.dll+0x847e0b]
V  [jvm.dll+0x848b42]
V  [jvm.dll+0x84905d]
V  [jvm.dll+0x849434]
V  [jvm.dll+0x849500]
V  [jvm.dll+0x7efa4a]
V  [jvm.dll+0x686a35]
C  [ucrtbase.dll+0x37b0]
C  [KERNEL32.DLL+0x2e8d7]
C  [ntdll.dll+0xb14fc]

VM_Operation (0x00000001f45f5d20): G1CollectForAllocation, mode: safepoint, requested by thread 0x0000019165b53910


---------------  P R O C E S S  ---------------

Threads class SMR info:
_java_thread_list=0x0000019169064290, length=54, elements={
0x0000019146552510, 0x00000191603de400, 0x000001916056ef90, 0x00000191605af290,
0x00000191605b1990, 0x00000191605b3e80, 0x00000191605b8580, 0x00000191605b8d90,
0x00000191605cff10, 0x00000191605e5940, 0x000001916070aab0, 0x0000019160848520,
0x0000019165b54330, 0x0000019165b56bb0, 0x0000019165b56190, 0x0000019165b54840,
0x0000019165b566a0, 0x0000019165b55c80, 0x0000019165b53910, 0x0000019165b54d50,
0x0000019165b570c0, 0x0000019165b53e20, 0x0000019167bc85b0, 0x0000019167bca410,
0x0000019167bcae30, 0x0000019167bc9f00, 0x0000019167bcb340, 0x0000019167bcb850,
0x0000019167bc99f0, 0x0000019167bc8fd0, 0x0000019167bc80a0, 0x0000019167bcbd60,
0x0000019167bca920, 0x0000019167bcd6b0, 0x0000019167bcdbc0, 0x0000019167bcfa20,
0x0000019167bce0d0, 0x0000019167bceaf0, 0x0000019167bcf510, 0x0000019165b55260,
0x0000019165b55770, 0x000001916c4dc4d0, 0x000001916c4dbfc0, 0x000001916c4d8d20,
0x000001916c4da670, 0x000001916c4dc9e0, 0x000001916c4db090, 0x000001916c4da160,
0x000001916c4d9230, 0x000001916c4d9c50, 0x000001916c4dcef0, 0x000001916c4d9740,
0x000001916c4dd400, 0x000001916c4dd910
}

Java Threads: ( => current thread )
  0x0000019146552510 JavaThread "main" [_thread_blocked, id=14976, stack(0x00000001f2600000,0x00000001f2700000)]
  0x00000191603de400 JavaThread "Reference Handler" daemon [_thread_blocked, id=8608, stack(0x00000001f2d00000,0x00000001f2e00000)]
  0x000001916056ef90 JavaThread "Finalizer" daemon [_thread_blocked, id=27036, stack(0x00000001f2e00000,0x00000001f2f00000)]
  0x00000191605af290 JavaThread "Signal Dispatcher" daemon [_thread_blocked, id=26256, stack(0x00000001f2f00000,0x00000001f3000000)]
  0x00000191605b1990 JavaThread "Attach Listener" daemon [_thread_blocked, id=19672, stack(0x00000001f3000000,0x00000001f3100000)]
  0x00000191605b3e80 JavaThread "Service Thread" daemon [_thread_blocked, id=19756, stack(0x00000001f3100000,0x00000001f3200000)]
  0x00000191605b8580 JavaThread "Monitor Deflation Thread" daemon [_thread_blocked, id=11556, stack(0x00000001f3200000,0x00000001f3300000)]
  0x00000191605b8d90 JavaThread "C2 CompilerThread0" daemon [_thread_blocked, id=2528, stack(0x00000001f3300000,0x00000001f3400000)]
  0x00000191605cff10 JavaThread "C1 CompilerThread0" daemon [_thread_blocked, id=12716, stack(0x00000001f3400000,0x00000001f3500000)]
  0x00000191605e5940 JavaThread "Sweeper thread" daemon [_thread_blocked, id=24140, stack(0x00000001f3500000,0x00000001f3600000)]
  0x000001916070aab0 JavaThread "Common-Cleaner" daemon [_thread_blocked, id=27640, stack(0x00000001f3600000,0x00000001f3700000)]
  0x0000019160848520 JavaThread "Notification Thread" daemon [_thread_blocked, id=21324, stack(0x00000001f3700000,0x00000001f3800000)]
  0x0000019165b54330 JavaThread "Daemon health stats" [_thread_blocked, id=17932, stack(0x00000001f4000000,0x00000001f4100000)]
  0x0000019165b56bb0 JavaThread "Incoming local TCP Connector on port 60277" [_thread_in_native, id=6940, stack(0x00000001f4100000,0x00000001f4200000)]
  0x0000019165b56190 JavaThread "Daemon periodic checks" [_thread_blocked, id=24652, stack(0x00000001f3a00000,0x00000001f3b00000)]
  0x0000019165b54840 JavaThread "Daemon" [_thread_blocked, id=14380, stack(0x00000001f4200000,0x00000001f4300000)]
  0x0000019165b566a0 JavaThread "Handler for socket connection from /127.0.0.1:60277 to /127.0.0.1:60278" [_thread_in_native, id=5736, stack(0x00000001f4300000,0x00000001f4400000)]
  0x0000019165b55c80 JavaThread "Cancel handler" [_thread_blocked, id=1344, stack(0x00000001f4400000,0x00000001f4500000)]
  0x0000019165b53910 JavaThread "Daemon worker" [_thread_blocked, id=22712, stack(0x00000001f4500000,0x00000001f4600000)]
  0x0000019165b54d50 JavaThread "Asynchronous log dispatcher for DefaultDaemonConnection: socket connection from /127.0.0.1:60277 to /127.0.0.1:60278" [_thread_blocked, id=2788, stack(0x00000001f4600000,0x00000001f4700000)]
  0x0000019165b570c0 JavaThread "Stdin handler" [_thread_blocked, id=7072, stack(0x00000001f4700000,0x00000001f4800000)]
  0x0000019165b53e20 JavaThread "Daemon client event forwarder" [_thread_blocked, id=5260, stack(0x00000001f4800000,0x00000001f4900000)]
  0x0000019167bc85b0 JavaThread "Cache worker for journal cache (C:\Users\akash\.gradle\caches\journal-1)" [_thread_blocked, id=12024, stack(0x00000001f4c00000,0x00000001f4d00000)]
  0x0000019167bca410 JavaThread "File lock request listener" [_thread_in_native, id=776, stack(0x00000001f4d00000,0x00000001f4e00000)]
  0x0000019167bcae30 JavaThread "Cache worker for file hash cache (C:\Users\akash\.gradle\caches\8.10.2\fileHashes)" [_thread_blocked, id=13824, stack(0x00000001f4e00000,0x00000001f4f00000)]
  0x0000019167bc9f00 JavaThread "Cache worker for file hash cache (D:\coding\V4C\.gradle\8.10.2\fileHashes)" [_thread_blocked, id=24744, stack(0x00000001f5000000,0x00000001f5100000)]
  0x0000019167bcb340 JavaThread "Cache worker for Build Output Cleanup Cache (D:\coding\V4C\.gradle\buildOutputCleanup)" [_thread_blocked, id=23744, stack(0x00000001f5100000,0x00000001f5200000)]
  0x0000019167bcb850 JavaThread "File watcher server" daemon [_thread_blocked, id=14832, stack(0x00000001f5200000,0x00000001f5300000)]
  0x0000019167bc99f0 JavaThread "File watcher consumer" daemon [_thread_blocked, id=18960, stack(0x00000001f5300000,0x00000001f5400000)]
  0x0000019167bc8fd0 JavaThread "Cache worker for checksums cache (D:\coding\V4C\.gradle\8.10.2\checksums)" [_thread_blocked, id=2384, stack(0x00000001f5400000,0x00000001f5500000)]
  0x0000019167bc80a0 JavaThread "Cache worker for file content cache (C:\Users\akash\.gradle\caches\8.10.2\fileContent)" [_thread_blocked, id=5360, stack(0x00000001f5500000,0x00000001f5600000)]
  0x0000019167bcbd60 JavaThread "Cache worker for cache directory md-rule (C:\Users\akash\.gradle\caches\8.10.2\md-rule)" [_thread_blocked, id=7844, stack(0x00000001f5700000,0x00000001f5800000)]
  0x0000019167bca920 JavaThread "Cache worker for cache directory md-supplier (C:\Users\akash\.gradle\caches\8.10.2\md-supplier)" [_thread_blocked, id=23860, stack(0x00000001f5800000,0x00000001f5900000)]
  0x0000019167bcd6b0 JavaThread "Unconstrained build operations" [_thread_blocked, id=23672, stack(0x00000001f5900000,0x00000001f5a00000)]
  0x0000019167bcdbc0 JavaThread "Unconstrained build operations Thread 2" [_thread_blocked, id=14908, stack(0x00000001f5a00000,0x00000001f5b00000)]
  0x0000019167bcfa20 JavaThread "Unconstrained build operations Thread 3" [_thread_blocked, id=13988, stack(0x00000001f5b00000,0x00000001f5c00000)]
  0x0000019167bce0d0 JavaThread "Unconstrained build operations Thread 4" [_thread_blocked, id=26788, stack(0x00000001f5c00000,0x00000001f5d00000)]
  0x0000019167bceaf0 JavaThread "Unconstrained build operations Thread 5" [_thread_blocked, id=23872, stack(0x00000001f5d00000,0x00000001f5e00000)]
  0x0000019167bcf510 JavaThread "Unconstrained build operations Thread 6" [_thread_blocked, id=9980, stack(0x00000001f5e00000,0x00000001f5f00000)]
  0x0000019165b55260 JavaThread "Unconstrained build operations Thread 7" [_thread_blocked, id=20372, stack(0x00000001f5f00000,0x00000001f6000000)]
  0x0000019165b55770 JavaThread "Unconstrained build operations Thread 8" [_thread_blocked, id=14984, stack(0x00000001f6000000,0x00000001f6100000)]
  0x000001916c4dc4d0 JavaThread "Unconstrained build operations Thread 9" [_thread_blocked, id=24268, stack(0x00000001f6100000,0x00000001f6200000)]
  0x000001916c4dbfc0 JavaThread "Unconstrained build operations Thread 10" [_thread_blocked, id=12964, stack(0x00000001f6200000,0x00000001f6300000)]
  0x000001916c4d8d20 JavaThread "Unconstrained build operations Thread 11" [_thread_blocked, id=18612, stack(0x00000001f6300000,0x00000001f6400000)]
  0x000001916c4da670 JavaThread "Unconstrained build operations Thread 12" [_thread_blocked, id=26784, stack(0x00000001f6400000,0x00000001f6500000)]
  0x000001916c4dc9e0 JavaThread "Unconstrained build operations Thread 13" [_thread_blocked, id=17296, stack(0x00000001f6500000,0x00000001f6600000)]
  0x000001916c4db090 JavaThread "Unconstrained build operations Thread 14" [_thread_blocked, id=23652, stack(0x00000001f6600000,0x00000001f6700000)]
  0x000001916c4da160 JavaThread "Unconstrained build operations Thread 15" [_thread_blocked, id=9220, stack(0x00000001f6700000,0x00000001f6800000)]
  0x000001916c4d9230 JavaThread "Unconstrained build operations Thread 16" [_thread_blocked, id=23296, stack(0x00000001f6800000,0x00000001f6900000)]
  0x000001916c4d9c50 JavaThread "Unconstrained build operations Thread 17" [_thread_blocked, id=18836, stack(0x00000001f6900000,0x00000001f6a00000)]
  0x000001916c4dcef0 JavaThread "Unconstrained build operations Thread 18" [_thread_blocked, id=20280, stack(0x00000001f6a00000,0x00000001f6b00000)]
  0x000001916c4d9740 JavaThread "Unconstrained build operations Thread 19" [_thread_blocked, id=16088, stack(0x00000001f6b00000,0x00000001f6c00000)]
  0x000001916c4dd400 JavaThread "Unconstrained build operations Thread 20" [_thread_blocked, id=4008, stack(0x00000001f6c00000,0x00000001f6d00000)]
  0x000001916c4dd910 JavaThread "Unconstrained build operations Thread 21" [_thread_blocked, id=19096, stack(0x00000001f6d00000,0x00000001f6e00000)]

Other Threads:
=>0x000001916051b6e0 VMThread "VM Thread" [stack: 0x00000001f2c00000,0x00000001f2d00000] [id=9152]
  0x0000019160848a00 WatcherThread [stack: 0x00000001f3800000,0x00000001f3900000] [id=9204]
  0x00000191465b1b00 GCTaskThread "GC Thread#0" [stack: 0x00000001f2700000,0x00000001f2800000] [id=21932]
  0x000001916507c300 GCTaskThread "GC Thread#1" [stack: 0x00000001f3b00000,0x00000001f3c00000] [id=10332]
  0x00000191653128a0 GCTaskThread "GC Thread#2" [stack: 0x00000001f3c00000,0x00000001f3d00000] [id=18520]
  0x0000019165312b60 GCTaskThread "GC Thread#3" [stack: 0x00000001f3d00000,0x00000001f3e00000] [id=24076]
  0x0000019165312e20 GCTaskThread "GC Thread#4" [stack: 0x00000001f3e00000,0x00000001f3f00000] [id=9864]
  0x0000019165796550 GCTaskThread "GC Thread#5" [stack: 0x00000001f3f00000,0x00000001f4000000] [id=16412]
  0x0000019166d480d0 GCTaskThread "GC Thread#6" [stack: 0x00000001f4900000,0x00000001f4a00000] [id=9884]
  0x0000019166fe0370 GCTaskThread "GC Thread#7" [stack: 0x00000001f4a00000,0x00000001f4b00000] [id=25264]
  0x00000191465c2290 ConcurrentGCThread "G1 Main Marker" [stack: 0x00000001f2800000,0x00000001f2900000] [id=19028]
  0x00000191465c45e0 ConcurrentGCThread "G1 Conc#0" [stack: 0x00000001f2900000,0x00000001f2a00000] [id=22320]
  0x00000191670026e0 ConcurrentGCThread "G1 Conc#1" [stack: 0x00000001f4b00000,0x00000001f4c00000] [id=12368]
  0x000001916028be70 ConcurrentGCThread "G1 Refine#0" [stack: 0x00000001f2a00000,0x00000001f2b00000] [id=26596]
  0x00000191682674e0 ConcurrentGCThread "G1 Refine#1" [stack: 0x00000001f5600000,0x00000001f5700000] [id=13656]
  0x000001916b099b70 ConcurrentGCThread "G1 Refine#2" [stack: 0x00000001f6e00000,0x00000001f6f00000] [id=3688]
  0x000001916b096980 ConcurrentGCThread "G1 Refine#3" [stack: 0x00000001f6f00000,0x00000001f7000000] [id=20648]
  0x000001916028d170 ConcurrentGCThread "G1 Service" [stack: 0x00000001f2b00000,0x00000001f2c00000] [id=24940]

Threads with active compile tasks:

VM state: at safepoint (normal execution)

VM Mutex/Monitor currently owned by a thread:  ([mutex/lock_event])
[0x000001914654f340] Threads_lock - owner thread: 0x000001916051b6e0
[0x000001914654f6a0] Heap_lock - owner thread: 0x0000019165b53910

Heap address: 0x0000000080000000, size: 2048 MB, Compressed Oops mode: 32-bit

CDS archive(s) not mapped
Compressed class space mapped at: 0x0000000100000000-0x0000000140000000, reserved size: 1073741824
Narrow klass base: 0x0000000000000000, Narrow klass shift: 3, Narrow klass range: 0x140000000

GC Precious Log:
 CPUs: 8 total, 8 available
 Memory: 16167M
 Large Page Support: Disabled
 NUMA Support: Disabled
 Compressed Oops: Enabled (32-bit)
 Heap Region Size: 1M
 Heap Min Capacity: 8M
 Heap Initial Capacity: 254M
 Heap Max Capacity: 2G
 Pre-touch: Disabled
 Parallel Workers: 8
 Concurrent Workers: 2
 Concurrent Refinement Workers: 8
 Periodic GC: Disabled

Heap:
 garbage-first heap   total 260096K, used 105523K [0x0000000080000000, 0x0000000100000000)
  region size 1024K, 2 young (2048K), 2 survivors (2048K)
 Metaspace       used 118729K, committed 119360K, reserved 1179648K
  class space    used 15514K, committed 15808K, reserved 1048576K

Heap Regions: E=young(eden), S=young(survivor), O=old, HS=humongous(starts), HC=humongous(continues), CS=collection set, F=free, OA=open archive, CA=closed archive, TAMS=top-at-mark-start (previous, next)
|   0|0x0000000080000000, 0x0000000080100000, 0x0000000080100000|100%| O|  |TAMS 0x0000000080100000, 0x0000000080000000| Untracked 
|   1|0x0000000080100000, 0x0000000080200000, 0x0000000080200000|100%| O|  |TAMS 0x0000000080200000, 0x0000000080100000| Untracked 
|   2|0x0000000080200000, 0x0000000080300000, 0x0000000080300000|100%|HS|  |TAMS 0x0000000080300000, 0x0000000080200000| Complete 
|   3|0x0000000080300000, 0x0000000080400000, 0x0000000080400000|100%|HC|  |TAMS 0x0000000080400000, 0x0000000080300000| Complete 
|   4|0x0000000080400000, 0x0000000080500000, 0x0000000080500000|100%|HC|  |TAMS 0x0000000080500000, 0x0000000080400000| Complete 
|   5|0x0000000080500000, 0x0000000080600000, 0x0000000080600000|100%|HC|  |TAMS 0x0000000080600000, 0x0000000080500000| Complete 
|   6|0x0000000080600000, 0x0000000080700000, 0x0000000080700000|100%| O|  |TAMS 0x0000000080700000, 0x0000000080600000| Untracked 
|   7|0x0000000080700000, 0x0000000080800000, 0x0000000080800000|100%| O|  |TAMS 0x0000000080800000, 0x0000000080700000| Untracked 
|   8|0x0000000080800000, 0x0000000080900000, 0x0000000080900000|100%| O|  |TAMS 0x0000000080900000, 0x0000000080800000| Untracked 
|   9|0x0000000080900000, 0x0000000080a00000, 0x0000000080a00000|100%|HS|  |TAMS 0x0000000080a00000, 0x0000000080900000| Complete 
|  10|0x0000000080a00000, 0x0000000080b00000, 0x0000000080b00000|100%| O|  |TAMS 0x0000000080b00000, 0x0000000080a00000| Untracked 
|  11|0x0000000080b00000, 0x0000000080c00000, 0x0000000080c00000|100%| O|  |TAMS 0x0000000080c00000, 0x0000000080b00000| Untracked 
|  12|0x0000000080c00000, 0x0000000080d00000, 0x0000000080d00000|100%| O|  |TAMS 0x0000000080d00000, 0x0000000080c00000| Untracked 
|  13|0x0000000080d00000, 0x0000000080e00000, 0x0000000080e00000|100%| O|  |TAMS 0x0000000080e00000, 0x0000000080d00000| Untracked 
|  14|0x0000000080e00000, 0x0000000080f00000, 0x0000000080f00000|100%| O|  |TAMS 0x0000000080f00000, 0x0000000080e00000| Untracked 
|  15|0x0000000080f00000, 0x0000000081000000, 0x0000000081000000|100%| O|  |TAMS 0x0000000081000000, 0x0000000080f00000| Untracked 
|  16|0x0000000081000000, 0x0000000081100000, 0x0000000081100000|100%| O|  |TAMS 0x0000000081100000, 0x0000000081000000| Untracked 
|  17|0x0000000081100000, 0x0000000081200000, 0x0000000081200000|100%| O|  |TAMS 0x0000000081200000, 0x0000000081100000| Untracked 
|  18|0x0000000081200000, 0x0000000081300000, 0x0000000081300000|100%| O|  |TAMS 0x0000000081300000, 0x0000000081200000| Untracked 
|  19|0x0000000081300000, 0x0000000081400000, 0x0000000081400000|100%| O|  |TAMS 0x0000000081400000, 0x0000000081300000| Untracked 
|  20|0x0000000081400000, 0x0000000081500000, 0x0000000081500000|100%| O|  |TAMS 0x0000000081500000, 0x0000000081400000| Untracked 
|  21|0x0000000081500000, 0x0000000081600000, 0x0000000081600000|100%| O|  |TAMS 0x0000000081600000, 0x0000000081500000| Untracked 
|  22|0x0000000081600000, 0x0000000081700000, 0x0000000081700000|100%| O|  |TAMS 0x0000000081700000, 0x0000000081600000| Untracked 
|  23|0x0000000081700000, 0x0000000081800000, 0x0000000081800000|100%| O|  |TAMS 0x0000000081800000, 0x0000000081700000| Untracked 
|  24|0x0000000081800000, 0x0000000081900000, 0x0000000081900000|100%| O|  |TAMS 0x0000000081900000, 0x0000000081800000| Untracked 
|  25|0x0000000081900000, 0x0000000081a00000, 0x0000000081a00000|100%| O|  |TAMS 0x0000000081a00000, 0x0000000081900000| Untracked 
|  26|0x0000000081a00000, 0x0000000081b00000, 0x0000000081b00000|100%| O|  |TAMS 0x0000000081b00000, 0x0000000081a00000| Untracked 
|  27|0x0000000081b00000, 0x0000000081c00000, 0x0000000081c00000|100%| O|  |TAMS 0x0000000081c00000, 0x0000000081b00000| Untracked 
|  28|0x0000000081c00000, 0x0000000081d00000, 0x0000000081d00000|100%| O|  |TAMS 0x0000000081d00000, 0x0000000081c00000| Untracked 
|  29|0x0000000081d00000, 0x0000000081e00000, 0x0000000081e00000|100%| O|  |TAMS 0x0000000081e00000, 0x0000000081d00000| Untracked 
|  30|0x0000000081e00000, 0x0000000081f00000, 0x0000000081f00000|100%| O|  |TAMS 0x0000000081f00000, 0x0000000081e00000| Untracked 
|  31|0x0000000081f00000, 0x0000000082000000, 0x0000000082000000|100%| O|  |TAMS 0x0000000082000000, 0x0000000081f00000| Untracked 
|  32|0x0000000082000000, 0x0000000082100000, 0x0000000082100000|100%| O|  |TAMS 0x0000000082100000, 0x0000000082000000| Untracked 
|  33|0x0000000082100000, 0x0000000082200000, 0x0000000082200000|100%| O|  |TAMS 0x0000000082200000, 0x0000000082100000| Untracked 
|  34|0x0000000082200000, 0x0000000082300000, 0x0000000082300000|100%| O|  |TAMS 0x0000000082300000, 0x0000000082200000| Untracked 
|  35|0x0000000082300000, 0x0000000082400000, 0x0000000082400000|100%| O|  |TAMS 0x0000000082400000, 0x0000000082300000| Untracked 
|  36|0x0000000082400000, 0x0000000082400000, 0x0000000082500000|  0%| F|  |TAMS 0x0000000082400000, 0x0000000082400000| Untracked 
|  37|0x0000000082500000, 0x0000000082600000, 0x0000000082600000|100%| O|  |TAMS 0x0000000082600000, 0x0000000082500000| Untracked 
|  38|0x0000000082600000, 0x0000000082700000, 0x0000000082700000|100%| O|  |TAMS 0x0000000082600000, 0x0000000082600000| Untracked 
|  39|0x0000000082700000, 0x0000000082800000, 0x0000000082800000|100%| O|  |TAMS 0x0000000082800000, 0x0000000082700000| Untracked 
|  40|0x0000000082800000, 0x0000000082900000, 0x0000000082900000|100%| O|  |TAMS 0x0000000082900000, 0x0000000082800000| Untracked 
|  41|0x0000000082900000, 0x0000000082a00000, 0x0000000082a00000|100%| O|  |TAMS 0x0000000082a00000, 0x0000000082900000| Untracked 
|  42|0x0000000082a00000, 0x0000000082b00000, 0x0000000082b00000|100%| O|  |TAMS 0x0000000082b00000, 0x0000000082a00000| Untracked 
|  43|0x0000000082b00000, 0x0000000082c00000, 0x0000000082c00000|100%| O|  |TAMS 0x0000000082b00000, 0x0000000082b00000| Untracked 
|  44|0x0000000082c00000, 0x0000000082d00000, 0x0000000082d00000|100%| O|  |TAMS 0x0000000082d00000, 0x0000000082c00000| Untracked 
|  45|0x0000000082d00000, 0x0000000082d00000, 0x0000000082e00000|  0%| F|  |TAMS 0x0000000082d00000, 0x0000000082d00000| Untracked 
|  46|0x0000000082e00000, 0x0000000082f00000, 0x0000000082f00000|100%| O|  |TAMS 0x0000000082f00000, 0x0000000082e00000| Untracked 
|  47|0x0000000082f00000, 0x0000000083000000, 0x0000000083000000|100%| O|  |TAMS 0x0000000083000000, 0x0000000082f00000| Untracked 
|  48|0x0000000083000000, 0x0000000083100000, 0x0000000083100000|100%| O|  |TAMS 0x0000000083100000, 0x0000000083000000| Untracked 
|  49|0x0000000083100000, 0x0000000083200000, 0x0000000083200000|100%| O|  |TAMS 0x0000000083200000, 0x0000000083100000| Untracked 
|  50|0x0000000083200000, 0x0000000083300000, 0x0000000083300000|100%| O|  |TAMS 0x0000000083300000, 0x0000000083200000| Untracked 
|  51|0x0000000083300000, 0x0000000083400000, 0x0000000083400000|100%| O|  |TAMS 0x0000000083400000, 0x0000000083300000| Untracked 
|  52|0x0000000083400000, 0x0000000083500000, 0x0000000083500000|100%| O|  |TAMS 0x0000000083500000, 0x0000000083400000| Untracked 
|  53|0x0000000083500000, 0x0000000083600000, 0x0000000083600000|100%| O|  |TAMS 0x0000000083600000, 0x0000000083500000| Untracked 
|  54|0x0000000083600000, 0x0000000083700000, 0x0000000083700000|100%| O|  |TAMS 0x0000000083700000, 0x0000000083600000| Untracked 
|  55|0x0000000083700000, 0x0000000083800000, 0x0000000083800000|100%| O|  |TAMS 0x0000000083800000, 0x0000000083700000| Untracked 
|  56|0x0000000083800000, 0x0000000083900000, 0x0000000083900000|100%| O|  |TAMS 0x0000000083900000, 0x0000000083800000| Untracked 
|  57|0x0000000083900000, 0x0000000083a00000, 0x0000000083a00000|100%|HS|  |TAMS 0x0000000083a00000, 0x0000000083900000| Complete 
|  58|0x0000000083a00000, 0x0000000083b00000, 0x0000000083b00000|100%|HC|  |TAMS 0x0000000083b00000, 0x0000000083a00000| Complete 
|  59|0x0000000083b00000, 0x0000000083c00000, 0x0000000083c00000|100%|HC|  |TAMS 0x0000000083c00000, 0x0000000083b00000| Complete 
|  60|0x0000000083c00000, 0x0000000083d00000, 0x0000000083d00000|100%|HC|  |TAMS 0x0000000083d00000, 0x0000000083c00000| Complete 
|  61|0x0000000083d00000, 0x0000000083e00000, 0x0000000083e00000|100%|HC|  |TAMS 0x0000000083e00000, 0x0000000083d00000| Complete 
|  62|0x0000000083e00000, 0x0000000083f00000, 0x0000000083f00000|100%|HC|  |TAMS 0x0000000083f00000, 0x0000000083e00000| Complete 
|  63|0x0000000083f00000, 0x0000000084000000, 0x0000000084000000|100%|HS|  |TAMS 0x0000000084000000, 0x0000000083f00000| Complete 
|  64|0x0000000084000000, 0x0000000084100000, 0x0000000084100000|100%| O|  |TAMS 0x0000000084100000, 0x0000000084000000| Untracked 
|  65|0x0000000084100000, 0x0000000084200000, 0x0000000084200000|100%| O|  |TAMS 0x0000000084200000, 0x0000000084100000| Untracked 
|  66|0x0000000084200000, 0x0000000084300000, 0x0000000084300000|100%| O|  |TAMS 0x0000000084300000, 0x0000000084200000| Untracked 
|  67|0x0000000084300000, 0x0000000084400000, 0x0000000084400000|100%| O|  |TAMS 0x0000000084400000, 0x0000000084300000| Untracked 
|  68|0x0000000084400000, 0x0000000084500000, 0x0000000084500000|100%|HS|  |TAMS 0x0000000084500000, 0x0000000084400000| Complete 
|  69|0x0000000084500000, 0x0000000084600000, 0x0000000084600000|100%|HS|  |TAMS 0x0000000084600000, 0x0000000084500000| Complete 
|  70|0x0000000084600000, 0x0000000084700000, 0x0000000084700000|100%| O|  |TAMS 0x0000000084700000, 0x0000000084600000| Untracked 
|  71|0x0000000084700000, 0x0000000084800000, 0x0000000084800000|100%|HS|  |TAMS 0x0000000084800000, 0x0000000084700000| Complete 
|  72|0x0000000084800000, 0x0000000084900000, 0x0000000084900000|100%| O|  |TAMS 0x0000000084900000, 0x0000000084800000| Untracked 
|  73|0x0000000084900000, 0x0000000084a00000, 0x0000000084a00000|100%| O|  |TAMS 0x0000000084a00000, 0x0000000084900000| Untracked 
|  74|0x0000000084a00000, 0x0000000084b00000, 0x0000000084b00000|100%| O|  |TAMS 0x0000000084b00000, 0x0000000084a00000| Untracked 
|  75|0x0000000084b00000, 0x0000000084c00000, 0x0000000084c00000|100%| O|  |TAMS 0x0000000084c00000, 0x0000000084b00000| Untracked 
|  76|0x0000000084c00000, 0x0000000084d00000, 0x0000000084d00000|100%| O|  |TAMS 0x0000000084d00000, 0x0000000084c00000| Untracked 
|  77|0x0000000084d00000, 0x0000000084e00000, 0x0000000084e00000|100%| O|  |TAMS 0x0000000084e00000, 0x0000000084d00000| Untracked 
|  78|0x0000000084e00000, 0x0000000084f00000, 0x0000000084f00000|100%| O|  |TAMS 0x0000000084f00000, 0x0000000084e00000| Untracked 
|  79|0x0000000084f00000, 0x0000000085000000, 0x0000000085000000|100%| O|  |TAMS 0x0000000085000000, 0x0000000084f00000| Untracked 
|  80|0x0000000085000000, 0x0000000085100000, 0x0000000085100000|100%| O|  |TAMS 0x0000000085100000, 0x0000000085000000| Untracked 
|  81|0x0000000085100000, 0x0000000085200000, 0x0000000085200000|100%| O|  |TAMS 0x0000000085200000, 0x0000000085100000| Untracked 
|  82|0x0000000085200000, 0x0000000085300000, 0x0000000085300000|100%| O|  |TAMS 0x0000000085300000, 0x0000000085200000| Untracked 
|  83|0x0000000085300000, 0x0000000085400000, 0x0000000085400000|100%| O|  |TAMS 0x0000000085400000, 0x0000000085300000| Untracked 
|  84|0x0000000085400000, 0x0000000085500000, 0x0000000085500000|100%| O|  |TAMS 0x0000000085500000, 0x0000000085400000| Untracked 
|  85|0x0000000085500000, 0x0000000085600000, 0x0000000085600000|100%| O|  |TAMS 0x0000000085600000, 0x0000000085500000| Untracked 
|  86|0x0000000085600000, 0x0000000085700000, 0x0000000085700000|100%| O|  |TAMS 0x0000000085700000, 0x0000000085600000| Untracked 
|  87|0x0000000085700000, 0x0000000085800000, 0x0000000085800000|100%| O|  |TAMS 0x0000000085800000, 0x0000000085700000| Untracked 
|  88|0x0000000085800000, 0x0000000085900000, 0x0000000085900000|100%| O|  |TAMS 0x0000000085900000, 0x0000000085800000| Untracked 
|  89|0x0000000085900000, 0x0000000085a00000, 0x0000000085a00000|100%| O|  |TAMS 0x0000000085a00000, 0x0000000085900000| Untracked 
|  90|0x0000000085a00000, 0x0000000085b00000, 0x0000000085b00000|100%| O|  |TAMS 0x0000000085b00000, 0x0000000085a00000| Untracked 
|  91|0x0000000085b00000, 0x0000000085c00000, 0x0000000085c00000|100%| O|  |TAMS 0x0000000085c00000, 0x0000000085b00000| Untracked 
|  92|0x0000000085c00000, 0x0000000085d00000, 0x0000000085d00000|100%| O|  |TAMS 0x0000000085d00000, 0x0000000085c00000| Untracked 
|  93|0x0000000085d00000, 0x0000000085e00000, 0x0000000085e00000|100%| O|  |TAMS 0x0000000085e00000, 0x0000000085d00000| Untracked 
|  94|0x0000000085e00000, 0x0000000085f00000, 0x0000000085f00000|100%| O|  |TAMS 0x0000000085f00000, 0x0000000085e00000| Untracked 
|  95|0x0000000085f00000, 0x0000000086000000, 0x0000000086000000|100%| O|  |TAMS 0x0000000086000000, 0x0000000085f00000| Untracked 
|  96|0x0000000086000000, 0x0000000086100000, 0x0000000086100000|100%| O|  |TAMS 0x0000000086100000, 0x0000000086000000| Untracked 
|  97|0x0000000086100000, 0x0000000086200000, 0x0000000086200000|100%| O|  |TAMS 0x0000000086200000, 0x0000000086100000| Untracked 
|  98|0x0000000086200000, 0x0000000086300000, 0x0000000086300000|100%| O|  |TAMS 0x0000000086300000, 0x0000000086200000| Untracked 
|  99|0x0000000086300000, 0x0000000086400000, 0x0000000086400000|100%| O|  |TAMS 0x0000000086300000, 0x0000000086300000| Untracked 
| 100|0x0000000086400000, 0x0000000086500000, 0x0000000086500000|100%| O|  |TAMS 0x0000000086400000, 0x0000000086400000| Untracked 
| 101|0x0000000086500000, 0x0000000086600000, 0x0000000086600000|100%| O|  |TAMS 0x0000000086500000, 0x0000000086500000| Untracked 
| 102|0x0000000086600000, 0x0000000086700000, 0x0000000086700000|100%| O|  |TAMS 0x0000000086600000, 0x0000000086600000| Untracked 
| 103|0x0000000086700000, 0x0000000086789400, 0x0000000086800000| 53%| O|  |TAMS 0x0000000086700000, 0x0000000086700000| Untracked 
| 104|0x0000000086800000, 0x0000000086800000, 0x0000000086900000|  0%| F|  |TAMS 0x0000000086800000, 0x0000000086800000| Untracked 
| 105|0x0000000086900000, 0x0000000086900000, 0x0000000086a00000|  0%| F|  |TAMS 0x0000000086900000, 0x0000000086900000| Untracked 
| 106|0x0000000086a00000, 0x0000000086a00000, 0x0000000086b00000|  0%| F|  |TAMS 0x0000000086a00000, 0x0000000086a00000| Untracked 
| 107|0x0000000086b00000, 0x0000000086b00000, 0x0000000086c00000|  0%| F|  |TAMS 0x0000000086b00000, 0x0000000086b00000| Untracked 
| 108|0x0000000086c00000, 0x0000000086c00000, 0x0000000086d00000|  0%| F|  |TAMS 0x0000000086c00000, 0x0000000086c00000| Untracked 
| 109|0x0000000086d00000, 0x0000000086d00000, 0x0000000086e00000|  0%| F|  |TAMS 0x0000000086d00000, 0x0000000086d00000| Untracked 
| 110|0x0000000086e00000, 0x0000000086e00000, 0x0000000086f00000|  0%| F|  |TAMS 0x0000000086e00000, 0x0000000086e00000| Untracked 
| 111|0x0000000086f00000, 0x0000000086f00000, 0x0000000087000000|  0%| F|  |TAMS 0x0000000086f00000, 0x0000000086f00000| Untracked 
| 112|0x0000000087000000, 0x0000000087000000, 0x0000000087100000|  0%| F|  |TAMS 0x0000000087000000, 0x0000000087000000| Untracked 
| 113|0x0000000087100000, 0x0000000087100000, 0x0000000087200000|  0%| F|  |TAMS 0x0000000087100000, 0x0000000087100000| Untracked 
| 114|0x0000000087200000, 0x0000000087200000, 0x0000000087300000|  0%| F|  |TAMS 0x0000000087200000, 0x0000000087200000| Untracked 
| 115|0x0000000087300000, 0x0000000087300000, 0x0000000087400000|  0%| F|  |TAMS 0x0000000087300000, 0x0000000087300000| Untracked 
| 116|0x0000000087400000, 0x0000000087400000, 0x0000000087500000|  0%| F|  |TAMS 0x0000000087400000, 0x0000000087400000| Untracked 
| 117|0x0000000087500000, 0x0000000087500000, 0x0000000087600000|  0%| F|  |TAMS 0x0000000087500000, 0x0000000087500000| Untracked 
| 118|0x0000000087600000, 0x0000000087600000, 0x0000000087700000|  0%| F|  |TAMS 0x0000000087600000, 0x0000000087600000| Untracked 
| 119|0x0000000087700000, 0x0000000087700000, 0x0000000087800000|  0%| F|  |TAMS 0x0000000087700000, 0x0000000087700000| Untracked 
| 120|0x0000000087800000, 0x0000000087800000, 0x0000000087900000|  0%| F|  |TAMS 0x0000000087800000, 0x0000000087800000| Untracked 
| 121|0x0000000087900000, 0x0000000087900000, 0x0000000087a00000|  0%| F|  |TAMS 0x0000000087900000, 0x0000000087900000| Untracked 
| 122|0x0000000087a00000, 0x0000000087a00000, 0x0000000087b00000|  0%| F|  |TAMS 0x0000000087a00000, 0x0000000087a00000| Untracked 
| 123|0x0000000087b00000, 0x0000000087b00000, 0x0000000087c00000|  0%| F|  |TAMS 0x0000000087b00000, 0x0000000087b00000| Untracked 
| 124|0x0000000087c00000, 0x0000000087c00000, 0x0000000087d00000|  0%| F|  |TAMS 0x0000000087c00000, 0x0000000087c00000| Untracked 
| 125|0x0000000087d00000, 0x0000000087d00000, 0x0000000087e00000|  0%| F|  |TAMS 0x0000000087d00000, 0x0000000087d00000| Untracked 
| 126|0x0000000087e00000, 0x0000000087e00000, 0x0000000087f00000|  0%| F|  |TAMS 0x0000000087e00000, 0x0000000087e00000| Untracked 
| 127|0x0000000087f00000, 0x0000000087f00000, 0x0000000088000000|  0%| F|  |TAMS 0x0000000087f00000, 0x0000000087f00000| Untracked 
| 128|0x0000000088000000, 0x0000000088000000, 0x0000000088100000|  0%| F|  |TAMS 0x0000000088000000, 0x0000000088000000| Untracked 
| 129|0x0000000088100000, 0x0000000088100000, 0x0000000088200000|  0%| F|  |TAMS 0x0000000088100000, 0x0000000088100000| Untracked 
| 130|0x0000000088200000, 0x0000000088200000, 0x0000000088300000|  0%| F|  |TAMS 0x0000000088200000, 0x0000000088200000| Untracked 
| 131|0x0000000088300000, 0x00000000883838c8, 0x0000000088400000| 51%| S|CS|TAMS 0x0000000088300000, 0x0000000088300000| Complete 
| 132|0x0000000088400000, 0x0000000088500000, 0x0000000088500000|100%| S|CS|TAMS 0x0000000088400000, 0x0000000088400000| Complete 
| 133|0x0000000088500000, 0x0000000088500000, 0x0000000088600000|  0%| F|  |TAMS 0x0000000088500000, 0x0000000088500000| Untracked 
| 134|0x0000000088600000, 0x0000000088600000, 0x0000000088700000|  0%| F|  |TAMS 0x0000000088600000, 0x0000000088600000| Untracked 
| 135|0x0000000088700000, 0x0000000088700000, 0x0000000088800000|  0%| F|  |TAMS 0x0000000088700000, 0x0000000088700000| Untracked 
| 136|0x0000000088800000, 0x0000000088800000, 0x0000000088900000|  0%| F|  |TAMS 0x0000000088800000, 0x0000000088800000| Untracked 
| 137|0x0000000088900000, 0x0000000088900000, 0x0000000088a00000|  0%| F|  |TAMS 0x0000000088900000, 0x0000000088900000| Untracked 
| 138|0x0000000088a00000, 0x0000000088a00000, 0x0000000088b00000|  0%| F|  |TAMS 0x0000000088a00000, 0x0000000088a00000| Untracked 
| 139|0x0000000088b00000, 0x0000000088b00000, 0x0000000088c00000|  0%| F|  |TAMS 0x0000000088b00000, 0x0000000088b00000| Untracked 
| 140|0x0000000088c00000, 0x0000000088c00000, 0x0000000088d00000|  0%| F|  |TAMS 0x0000000088c00000, 0x0000000088c00000| Untracked 
| 141|0x0000000088d00000, 0x0000000088d00000, 0x0000000088e00000|  0%| F|  |TAMS 0x0000000088d00000, 0x0000000088d00000| Untracked 
| 142|0x0000000088e00000, 0x0000000088e00000, 0x0000000088f00000|  0%| F|  |TAMS 0x0000000088e00000, 0x0000000088e00000| Untracked 
| 143|0x0000000088f00000, 0x0000000088f00000, 0x0000000089000000|  0%| F|  |TAMS 0x0000000088f00000, 0x0000000088f00000| Untracked 
| 144|0x0000000089000000, 0x0000000089000000, 0x0000000089100000|  0%| F|  |TAMS 0x0000000089000000, 0x0000000089000000| Untracked 
| 145|0x0000000089100000, 0x0000000089100000, 0x0000000089200000|  0%| F|  |TAMS 0x0000000089100000, 0x0000000089100000| Untracked 
| 146|0x0000000089200000, 0x0000000089200000, 0x0000000089300000|  0%| F|  |TAMS 0x0000000089200000, 0x0000000089200000| Untracked 
| 147|0x0000000089300000, 0x0000000089300000, 0x0000000089400000|  0%| F|  |TAMS 0x0000000089300000, 0x0000000089300000| Untracked 
| 148|0x0000000089400000, 0x0000000089400000, 0x0000000089500000|  0%| F|  |TAMS 0x0000000089400000, 0x0000000089400000| Untracked 
| 149|0x0000000089500000, 0x0000000089500000, 0x0000000089600000|  0%| F|  |TAMS 0x0000000089500000, 0x0000000089500000| Untracked 
| 150|0x0000000089600000, 0x0000000089600000, 0x0000000089700000|  0%| F|  |TAMS 0x0000000089600000, 0x0000000089600000| Untracked 
| 151|0x0000000089700000, 0x0000000089700000, 0x0000000089800000|  0%| F|  |TAMS 0x0000000089700000, 0x0000000089700000| Untracked 
| 152|0x0000000089800000, 0x0000000089800000, 0x0000000089900000|  0%| F|  |TAMS 0x0000000089800000, 0x0000000089800000| Untracked 
| 153|0x0000000089900000, 0x0000000089900000, 0x0000000089a00000|  0%| F|  |TAMS 0x0000000089900000, 0x0000000089900000| Untracked 
| 154|0x0000000089a00000, 0x0000000089a00000, 0x0000000089b00000|  0%| F|  |TAMS 0x0000000089a00000, 0x0000000089a00000| Untracked 
| 155|0x0000000089b00000, 0x0000000089b00000, 0x0000000089c00000|  0%| F|  |TAMS 0x0000000089b00000, 0x0000000089b00000| Untracked 
| 156|0x0000000089c00000, 0x0000000089c00000, 0x0000000089d00000|  0%| F|  |TAMS 0x0000000089c00000, 0x0000000089c00000| Untracked 
| 157|0x0000000089d00000, 0x0000000089d00000, 0x0000000089e00000|  0%| F|  |TAMS 0x0000000089d00000, 0x0000000089d00000| Untracked 
| 158|0x0000000089e00000, 0x0000000089e00000, 0x0000000089f00000|  0%| F|  |TAMS 0x0000000089e00000, 0x0000000089e00000| Untracked 
| 159|0x0000000089f00000, 0x0000000089f00000, 0x000000008a000000|  0%| F|  |TAMS 0x0000000089f00000, 0x0000000089f00000| Untracked 
| 160|0x000000008a000000, 0x000000008a000000, 0x000000008a100000|  0%| F|  |TAMS 0x000000008a000000, 0x000000008a000000| Untracked 
| 161|0x000000008a100000, 0x000000008a100000, 0x000000008a200000|  0%| F|  |TAMS 0x000000008a100000, 0x000000008a100000| Untracked 
| 162|0x000000008a200000, 0x000000008a200000, 0x000000008a300000|  0%| F|  |TAMS 0x000000008a200000, 0x000000008a200000| Untracked 
| 163|0x000000008a300000, 0x000000008a300000, 0x000000008a400000|  0%| F|  |TAMS 0x000000008a300000, 0x000000008a300000| Untracked 
| 164|0x000000008a400000, 0x000000008a400000, 0x000000008a500000|  0%| F|  |TAMS 0x000000008a400000, 0x000000008a400000| Untracked 
| 165|0x000000008a500000, 0x000000008a500000, 0x000000008a600000|  0%| F|  |TAMS 0x000000008a500000, 0x000000008a500000| Untracked 
| 166|0x000000008a600000, 0x000000008a600000, 0x000000008a700000|  0%| F|  |TAMS 0x000000008a600000, 0x000000008a600000| Untracked 
| 167|0x000000008a700000, 0x000000008a700000, 0x000000008a800000|  0%| F|  |TAMS 0x000000008a700000, 0x000000008a700000| Untracked 
| 168|0x000000008a800000, 0x000000008a800000, 0x000000008a900000|  0%| F|  |TAMS 0x000000008a800000, 0x000000008a800000| Untracked 
| 169|0x000000008a900000, 0x000000008a900000, 0x000000008aa00000|  0%| F|  |TAMS 0x000000008a900000, 0x000000008a900000| Untracked 
| 170|0x000000008aa00000, 0x000000008aa00000, 0x000000008ab00000|  0%| F|  |TAMS 0x000000008aa00000, 0x000000008aa00000| Untracked 
| 171|0x000000008ab00000, 0x000000008ab00000, 0x000000008ac00000|  0%| F|  |TAMS 0x000000008ab00000, 0x000000008ab00000| Untracked 
| 172|0x000000008ac00000, 0x000000008ac00000, 0x000000008ad00000|  0%| F|  |TAMS 0x000000008ac00000, 0x000000008ac00000| Untracked 
| 173|0x000000008ad00000, 0x000000008ad00000, 0x000000008ae00000|  0%| F|  |TAMS 0x000000008ad00000, 0x000000008ad00000| Untracked 
| 174|0x000000008ae00000, 0x000000008ae00000, 0x000000008af00000|  0%| F|  |TAMS 0x000000008ae00000, 0x000000008ae00000| Untracked 
| 175|0x000000008af00000, 0x000000008af00000, 0x000000008b000000|  0%| F|  |TAMS 0x000000008af00000, 0x000000008af00000| Untracked 
| 176|0x000000008b000000, 0x000000008b000000, 0x000000008b100000|  0%| F|  |TAMS 0x000000008b000000, 0x000000008b000000| Untracked 
| 177|0x000000008b100000, 0x000000008b100000, 0x000000008b200000|  0%| F|  |TAMS 0x000000008b100000, 0x000000008b100000| Untracked 
| 178|0x000000008b200000, 0x000000008b200000, 0x000000008b300000|  0%| F|  |TAMS 0x000000008b200000, 0x000000008b200000| Untracked 
| 179|0x000000008b300000, 0x000000008b300000, 0x000000008b400000|  0%| F|  |TAMS 0x000000008b300000, 0x000000008b300000| Untracked 
| 180|0x000000008b400000, 0x000000008b400000, 0x000000008b500000|  0%| F|  |TAMS 0x000000008b400000, 0x000000008b400000| Untracked 
| 181|0x000000008b500000, 0x000000008b500000, 0x000000008b600000|  0%| F|  |TAMS 0x000000008b500000, 0x000000008b500000| Untracked 
| 182|0x000000008b600000, 0x000000008b600000, 0x000000008b700000|  0%| F|  |TAMS 0x000000008b600000, 0x000000008b600000| Untracked 
| 183|0x000000008b700000, 0x000000008b700000, 0x000000008b800000|  0%| F|  |TAMS 0x000000008b700000, 0x000000008b700000| Untracked 
| 184|0x000000008b800000, 0x000000008b800000, 0x000000008b900000|  0%| F|  |TAMS 0x000000008b800000, 0x000000008b800000| Untracked 
| 185|0x000000008b900000, 0x000000008b900000, 0x000000008ba00000|  0%| F|  |TAMS 0x000000008b900000, 0x000000008b900000| Untracked 
| 186|0x000000008ba00000, 0x000000008ba00000, 0x000000008bb00000|  0%| F|  |TAMS 0x000000008ba00000, 0x000000008ba00000| Untracked 
| 187|0x000000008bb00000, 0x000000008bb00000, 0x000000008bc00000|  0%| F|  |TAMS 0x000000008bb00000, 0x000000008bb00000| Untracked 
| 188|0x000000008bc00000, 0x000000008bc00000, 0x000000008bd00000|  0%| F|  |TAMS 0x000000008bc00000, 0x000000008bc00000| Untracked 
| 189|0x000000008bd00000, 0x000000008bd00000, 0x000000008be00000|  0%| F|  |TAMS 0x000000008bd00000, 0x000000008bd00000| Untracked 
| 190|0x000000008be00000, 0x000000008be00000, 0x000000008bf00000|  0%| F|  |TAMS 0x000000008be00000, 0x000000008be00000| Untracked 
| 191|0x000000008bf00000, 0x000000008bf00000, 0x000000008c000000|  0%| F|  |TAMS 0x000000008bf00000, 0x000000008bf00000| Untracked 
| 192|0x000000008c000000, 0x000000008c000000, 0x000000008c100000|  0%| F|  |TAMS 0x000000008c000000, 0x000000008c000000| Untracked 
| 193|0x000000008c100000, 0x000000008c100000, 0x000000008c200000|  0%| F|  |TAMS 0x000000008c100000, 0x000000008c100000| Untracked 
| 194|0x000000008c200000, 0x000000008c200000, 0x000000008c300000|  0%| F|  |TAMS 0x000000008c200000, 0x000000008c200000| Untracked 
| 195|0x000000008c300000, 0x000000008c300000, 0x000000008c400000|  0%| F|  |TAMS 0x000000008c300000, 0x000000008c300000| Untracked 
| 196|0x000000008c400000, 0x000000008c400000, 0x000000008c500000|  0%| F|  |TAMS 0x000000008c400000, 0x000000008c400000| Untracked 
| 197|0x000000008c500000, 0x000000008c500000, 0x000000008c600000|  0%| F|  |TAMS 0x000000008c500000, 0x000000008c500000| Untracked 
| 198|0x000000008c600000, 0x000000008c600000, 0x000000008c700000|  0%| F|  |TAMS 0x000000008c600000, 0x000000008c600000| Untracked 
| 199|0x000000008c700000, 0x000000008c700000, 0x000000008c800000|  0%| F|  |TAMS 0x000000008c700000, 0x000000008c700000| Untracked 
| 200|0x000000008c800000, 0x000000008c800000, 0x000000008c900000|  0%| F|  |TAMS 0x000000008c800000, 0x000000008c800000| Untracked 
| 201|0x000000008c900000, 0x000000008c900000, 0x000000008ca00000|  0%| F|  |TAMS 0x000000008c900000, 0x000000008c900000| Untracked 
| 202|0x000000008ca00000, 0x000000008ca00000, 0x000000008cb00000|  0%| F|  |TAMS 0x000000008ca00000, 0x000000008ca00000| Untracked 
| 203|0x000000008cb00000, 0x000000008cb00000, 0x000000008cc00000|  0%| F|  |TAMS 0x000000008cb00000, 0x000000008cb00000| Untracked 
| 204|0x000000008cc00000, 0x000000008cc00000, 0x000000008cd00000|  0%| F|  |TAMS 0x000000008cc00000, 0x000000008cc00000| Untracked 
| 205|0x000000008cd00000, 0x000000008cd00000, 0x000000008ce00000|  0%| F|  |TAMS 0x000000008cd00000, 0x000000008cd00000| Untracked 
| 206|0x000000008ce00000, 0x000000008ce00000, 0x000000008cf00000|  0%| F|  |TAMS 0x000000008ce00000, 0x000000008ce00000| Untracked 
| 207|0x000000008cf00000, 0x000000008cf00000, 0x000000008d000000|  0%| F|  |TAMS 0x000000008cf00000, 0x000000008cf00000| Untracked 
| 208|0x000000008d000000, 0x000000008d000000, 0x000000008d100000|  0%| F|  |TAMS 0x000000008d000000, 0x000000008d000000| Untracked 
| 209|0x000000008d100000, 0x000000008d100000, 0x000000008d200000|  0%| F|  |TAMS 0x000000008d100000, 0x000000008d100000| Untracked 
| 210|0x000000008d200000, 0x000000008d200000, 0x000000008d300000|  0%| F|  |TAMS 0x000000008d200000, 0x000000008d200000| Untracked 
| 211|0x000000008d300000, 0x000000008d300000, 0x000000008d400000|  0%| F|  |TAMS 0x000000008d300000, 0x000000008d300000| Untracked 
| 212|0x000000008d400000, 0x000000008d400000, 0x000000008d500000|  0%| F|  |TAMS 0x000000008d400000, 0x000000008d400000| Untracked 
| 213|0x000000008d500000, 0x000000008d500000, 0x000000008d600000|  0%| F|  |TAMS 0x000000008d500000, 0x000000008d500000| Untracked 
| 214|0x000000008d600000, 0x000000008d600000, 0x000000008d700000|  0%| F|  |TAMS 0x000000008d600000, 0x000000008d600000| Untracked 
| 215|0x000000008d700000, 0x000000008d700000, 0x000000008d800000|  0%| F|  |TAMS 0x000000008d700000, 0x000000008d700000| Untracked 
| 216|0x000000008d800000, 0x000000008d800000, 0x000000008d900000|  0%| F|  |TAMS 0x000000008d800000, 0x000000008d800000| Untracked 
| 217|0x000000008d900000, 0x000000008d900000, 0x000000008da00000|  0%| F|  |TAMS 0x000000008d900000, 0x000000008d900000| Untracked 
| 218|0x000000008da00000, 0x000000008da00000, 0x000000008db00000|  0%| F|  |TAMS 0x000000008da00000, 0x000000008da00000| Untracked 
| 219|0x000000008db00000, 0x000000008db00000, 0x000000008dc00000|  0%| F|  |TAMS 0x000000008db00000, 0x000000008db00000| Untracked 
| 220|0x000000008dc00000, 0x000000008dc00000, 0x000000008dd00000|  0%| F|  |TAMS 0x000000008dc00000, 0x000000008dc00000| Untracked 
| 221|0x000000008dd00000, 0x000000008dd00000, 0x000000008de00000|  0%| F|  |TAMS 0x000000008dd00000, 0x000000008dd00000| Untracked 
| 222|0x000000008de00000, 0x000000008de00000, 0x000000008df00000|  0%| F|  |TAMS 0x000000008de00000, 0x000000008de00000| Untracked 
| 223|0x000000008df00000, 0x000000008df00000, 0x000000008e000000|  0%| F|  |TAMS 0x000000008df00000, 0x000000008df00000| Untracked 
| 224|0x000000008e000000, 0x000000008e000000, 0x000000008e100000|  0%| F|  |TAMS 0x000000008e000000, 0x000000008e000000| Untracked 
| 225|0x000000008e100000, 0x000000008e100000, 0x000000008e200000|  0%| F|  |TAMS 0x000000008e100000, 0x000000008e100000| Untracked 
| 226|0x000000008e200000, 0x000000008e200000, 0x000000008e300000|  0%| F|  |TAMS 0x000000008e200000, 0x000000008e200000| Untracked 
| 227|0x000000008e300000, 0x000000008e300000, 0x000000008e400000|  0%| F|  |TAMS 0x000000008e300000, 0x000000008e300000| Untracked 
| 228|0x000000008e400000, 0x000000008e400000, 0x000000008e500000|  0%| F|  |TAMS 0x000000008e400000, 0x000000008e400000| Untracked 
| 229|0x000000008e500000, 0x000000008e500000, 0x000000008e600000|  0%| F|  |TAMS 0x000000008e500000, 0x000000008e500000| Untracked 
| 230|0x000000008e600000, 0x000000008e600000, 0x000000008e700000|  0%| F|  |TAMS 0x000000008e600000, 0x000000008e600000| Untracked 
| 231|0x000000008e700000, 0x000000008e700000, 0x000000008e800000|  0%| F|  |TAMS 0x000000008e700000, 0x000000008e700000| Untracked 
| 232|0x000000008e800000, 0x000000008e800000, 0x000000008e900000|  0%| F|  |TAMS 0x000000008e800000, 0x000000008e800000| Untracked 
| 233|0x000000008e900000, 0x000000008e900000, 0x000000008ea00000|  0%| F|  |TAMS 0x000000008e900000, 0x000000008e900000| Untracked 
| 234|0x000000008ea00000, 0x000000008ea00000, 0x000000008eb00000|  0%| F|  |TAMS 0x000000008ea00000, 0x000000008ea00000| Untracked 
| 235|0x000000008eb00000, 0x000000008eb00000, 0x000000008ec00000|  0%| F|  |TAMS 0x000000008eb00000, 0x000000008eb00000| Untracked 
| 236|0x000000008ec00000, 0x000000008ec00000, 0x000000008ed00000|  0%| F|  |TAMS 0x000000008ec00000, 0x000000008ec00000| Untracked 
| 237|0x000000008ed00000, 0x000000008ed00000, 0x000000008ee00000|  0%| F|  |TAMS 0x000000008ed00000, 0x000000008ed00000| Untracked 
| 238|0x000000008ee00000, 0x000000008ee00000, 0x000000008ef00000|  0%| F|  |TAMS 0x000000008ee00000, 0x000000008ee00000| Untracked 
| 239|0x000000008ef00000, 0x000000008ef00000, 0x000000008f000000|  0%| F|  |TAMS 0x000000008ef00000, 0x000000008ef00000| Untracked 
| 240|0x000000008f000000, 0x000000008f000000, 0x000000008f100000|  0%| F|  |TAMS 0x000000008f000000, 0x000000008f000000| Untracked 
| 241|0x000000008f100000, 0x000000008f100000, 0x000000008f200000|  0%| F|  |TAMS 0x000000008f100000, 0x000000008f100000| Untracked 
| 242|0x000000008f200000, 0x000000008f200000, 0x000000008f300000|  0%| F|  |TAMS 0x000000008f200000, 0x000000008f200000| Untracked 
| 243|0x000000008f300000, 0x000000008f300000, 0x000000008f400000|  0%| F|  |TAMS 0x000000008f300000, 0x000000008f300000| Untracked 
| 244|0x000000008f400000, 0x000000008f400000, 0x000000008f500000|  0%| F|  |TAMS 0x000000008f400000, 0x000000008f400000| Untracked 
| 245|0x000000008f500000, 0x000000008f500000, 0x000000008f600000|  0%| F|  |TAMS 0x000000008f500000, 0x000000008f500000| Untracked 
| 246|0x000000008f600000, 0x000000008f600000, 0x000000008f700000|  0%| F|  |TAMS 0x000000008f600000, 0x000000008f600000| Untracked 
| 247|0x000000008f700000, 0x000000008f700000, 0x000000008f800000|  0%| F|  |TAMS 0x000000008f700000, 0x000000008f700000| Untracked 
| 248|0x000000008f800000, 0x000000008f800000, 0x000000008f900000|  0%| F|  |TAMS 0x000000008f800000, 0x000000008f800000| Untracked 
| 249|0x000000008f900000, 0x000000008f900000, 0x000000008fa00000|  0%| F|  |TAMS 0x000000008f900000, 0x000000008f900000| Untracked 
| 250|0x000000008fa00000, 0x000000008fa00000, 0x000000008fb00000|  0%| F|  |TAMS 0x000000008fa00000, 0x000000008fa00000| Untracked 
| 251|0x000000008fb00000, 0x000000008fb00000, 0x000000008fc00000|  0%| F|  |TAMS 0x000000008fb00000, 0x000000008fb00000| Untracked 
| 252|0x000000008fc00000, 0x000000008fc00000, 0x000000008fd00000|  0%| F|  |TAMS 0x000000008fc00000, 0x000000008fc00000| Untracked 
| 253|0x000000008fd00000, 0x000000008fd00000, 0x000000008fe00000|  0%| F|  |TAMS 0x000000008fd00000, 0x000000008fd00000| Untracked 

Card table byte_map: [0x0000019159150000,0x0000019159550000] _byte_map_base: 0x0000019158d50000

Marking Bits (Prev, Next): (CMBitMap*) 0x00000191443fb210, (CMBitMap*) 0x00000191443fb1d0
 Prev Bits: [0x000001915b950000, 0x000001915d950000)
 Next Bits: [0x0000019159950000, 0x000001915b950000)

Polling page: 0x0000019145c80000

Metaspace:

Usage:
  Non-class:    100.80 MB used.
      Class:     15.15 MB used.
       Both:    115.95 MB used.

Virtual space:
  Non-class space:      128.00 MB reserved,     101.12 MB ( 79%) committed,  2 nodes.
      Class space:        1.00 GB reserved,      15.44 MB (  2%) committed,  1 nodes.
             Both:        1.12 GB reserved,     116.56 MB ( 10%) committed. 

Chunk freelists:
   Non-Class:  10.61 MB
       Class:  545.00 KB
        Both:  11.14 MB

MaxMetaspaceSize: unlimited
CompressedClassSpaceSize: 1.00 GB
Initial GC threshold: 21.00 MB
Current GC threshold: 169.94 MB
CDS: off
MetaspaceReclaimPolicy: balanced
 - commit_granule_bytes: 65536.
 - commit_granule_words: 8192.
 - virtual_space_node_default_size: 8388608.
 - enlarge_chunks_in_place: 1.
 - new_chunks_are_fully_committed: 0.
 - uncommit_free_chunks: 1.
 - use_allocation_guard: 0.
 - handle_deallocations: 1.


Internal statistics:

num_allocs_failed_limit: 9.
num_arena_births: 796.
num_arena_deaths: 0.
num_vsnodes_births: 3.
num_vsnodes_deaths: 0.
num_space_committed: 1863.
num_space_uncommitted: 0.
num_chunks_returned_to_freelist: 9.
num_chunks_taken_from_freelist: 4800.
num_chunk_merges: 9.
num_chunk_splits: 3673.
num_chunks_enlarged: 2998.
num_inconsistent_stats: 0.

CodeHeap 'non-profiled nmethods': size=120000Kb used=4976Kb max_used=4976Kb free=115023Kb
 bounds [0x00000191514f0000, 0x00000191519d0000, 0x0000019158a20000]
CodeHeap 'profiled nmethods': size=120000Kb used=17344Kb max_used=17344Kb free=102655Kb
 bounds [0x0000019149a20000, 0x000001914ab20000, 0x0000019150f50000]
CodeHeap 'non-nmethods': size=5760Kb used=1833Kb max_used=1867Kb free=3926Kb
 bounds [0x0000019150f50000, 0x00000191511c0000, 0x00000191514f0000]
 total_blobs=9967 nmethods=9032 adapters=846
 compilation: enabled
              stopped_count=0, restarted_count=0
 full_count=0

Compilation events (20 events):
Event: 15.473 Thread 0x00000191605cff10 nmethod 10479 0x000001914a190990 code [0x000001914a190b20, 0x000001914a190c18]
Event: 15.474 Thread 0x00000191605cff10 10480       3       java.lang.CompoundEnumeration::next (58 bytes)
Event: 15.474 Thread 0x00000191605cff10 nmethod 10480 0x000001914ab09890 code [0x000001914ab09a40, 0x000001914ab09d88]
Event: 15.475 Thread 0x00000191605cff10 10481       3       java.lang.ClassLoader::getParent (32 bytes)
Event: 15.476 Thread 0x00000191605cff10 nmethod 10481 0x000001914ab09e90 code [0x000001914ab0a0c0, 0x000001914ab0aa78]
Event: 15.476 Thread 0x00000191605cff10 10482       3       sun.net.www.protocol.jar.JarURLConnection::getUseCaches (8 bytes)
Event: 15.476 Thread 0x00000191605cff10 nmethod 10482 0x000001914ab0ad90 code [0x000001914ab0af40, 0x000001914ab0b108]
Event: 15.478 Thread 0x00000191605cff10 10483       3       java.security.ProtectionDomain::<init> (98 bytes)
Event: 15.479 Thread 0x00000191605cff10 nmethod 10483 0x000001914ab0b210 code [0x000001914ab0b420, 0x000001914ab0bea8]
Event: 15.534 Thread 0x00000191605cff10 10486       3       org.objectweb.asm.ClassReader::readUtf (161 bytes)
Event: 15.534 Thread 0x00000191605cff10 nmethod 10486 0x000001914ab0c110 code [0x000001914ab0c2e0, 0x000001914ab0c748]
Event: 15.589 Thread 0x00000191605b8d90 nmethod 10478% 0x00000191519c2f10 code [0x00000191519c32a0, 0x00000191519c84e8]
Event: 15.589 Thread 0x00000191605b8d90 10485       4       java.lang.invoke.TypeConvertingMethodAdapter::descriptorToName (36 bytes)
Event: 15.594 Thread 0x00000191605cff10 10487   !   3       java.lang.String::replace (258 bytes)
Event: 15.595 Thread 0x00000191605b8d90 nmethod 10485 0x00000191519cb090 code [0x00000191519cb260, 0x00000191519cb928]
Event: 15.595 Thread 0x00000191605b8d90 10489       4       org.objectweb.asm.MethodVisitor::<init> (79 bytes)
Event: 15.596 Thread 0x00000191605cff10 nmethod 10487 0x000001914ab0ca10 code [0x000001914ab0cf00, 0x000001914ab0f328]
Event: 15.596 Thread 0x00000191605cff10 10488   !   3       java.lang.StringLatin1::replace (291 bytes)
Event: 15.596 Thread 0x00000191605b8d90 nmethod 10489 0x00000191519cbd90 code [0x00000191519cbf00, 0x00000191519cc078]
Event: 15.597 Thread 0x00000191605cff10 nmethod 10488 0x000001914ab10310 code [0x000001914ab10620, 0x000001914ab11828]

GC Heap History (20 events):
Event: 9.334 GC heap after
{Heap after GC invocations=27 (full 0):
 garbage-first heap   total 190464K, used 56699K [0x0000000080000000, 0x0000000100000000)
  region size 1024K, 1 young (1024K), 1 survivors (1024K)
 Metaspace       used 72102K, committed 72768K, reserved 1114112K
  class space    used 10240K, committed 10560K, reserved 1048576K
}
Event: 9.930 GC heap before
{Heap before GC invocations=27 (full 0):
 garbage-first heap   total 190464K, used 148859K [0x0000000080000000, 0x0000000100000000)
  region size 1024K, 82 young (83968K), 1 survivors (1024K)
 Metaspace       used 77480K, committed 78144K, reserved 1179648K
  class space    used 10917K, committed 11200K, reserved 1048576K
}
Event: 9.940 GC heap after
{Heap after GC invocations=28 (full 0):
 garbage-first heap   total 190464K, used 70906K [0x0000000080000000, 0x0000000100000000)
  region size 1024K, 11 young (11264K), 11 survivors (11264K)
 Metaspace       used 77480K, committed 78144K, reserved 1179648K
  class space    used 10917K, committed 11200K, reserved 1048576K
}
Event: 10.715 GC heap before
{Heap before GC invocations=28 (full 0):
 garbage-first heap   total 190464K, used 153850K [0x0000000080000000, 0x0000000100000000)
  region size 1024K, 79 young (80896K), 11 survivors (11264K)
 Metaspace       used 82089K, committed 82752K, reserved 1179648K
  class space    used 11453K, committed 11776K, reserved 1048576K
}
Event: 10.724 GC heap after
{Heap after GC invocations=29 (full 0):
 garbage-first heap   total 190464K, used 91430K [0x0000000080000000, 0x0000000100000000)
  region size 1024K, 10 young (10240K), 10 survivors (10240K)
 Metaspace       used 82089K, committed 82752K, reserved 1179648K
  class space    used 11453K, committed 11776K, reserved 1048576K
}
Event: 11.418 GC heap before
{Heap before GC invocations=29 (full 0):
 garbage-first heap   total 190464K, used 147750K [0x0000000080000000, 0x0000000100000000)
  region size 1024K, 65 young (66560K), 10 survivors (10240K)
 Metaspace       used 88445K, committed 89024K, reserved 1179648K
  class space    used 12068K, committed 12352K, reserved 1048576K
}
Event: 11.423 GC heap after
{Heap after GC invocations=30 (full 0):
 garbage-first heap   total 190464K, used 96544K [0x0000000080000000, 0x0000000100000000)
  region size 1024K, 5 young (5120K), 5 survivors (5120K)
 Metaspace       used 88445K, committed 89024K, reserved 1179648K
  class space    used 12068K, committed 12352K, reserved 1048576K
}
Event: 12.229 GC heap before
{Heap before GC invocations=30 (full 0):
 garbage-first heap   total 190464K, used 150816K [0x0000000080000000, 0x0000000100000000)
  region size 1024K, 58 young (59392K), 5 survivors (5120K)
 Metaspace       used 95108K, committed 95744K, reserved 1179648K
  class space    used 12877K, committed 13184K, reserved 1048576K
}
Event: 12.234 GC heap after
{Heap after GC invocations=31 (full 0):
 garbage-first heap   total 190464K, used 98060K [0x0000000080000000, 0x0000000100000000)
  region size 1024K, 7 young (7168K), 7 survivors (7168K)
 Metaspace       used 95108K, committed 95744K, reserved 1179648K
  class space    used 12877K, committed 13184K, reserved 1048576K
}
Event: 12.731 GC heap before
{Heap before GC invocations=32 (full 0):
 garbage-first heap   total 190464K, used 153356K [0x0000000080000000, 0x0000000100000000)
  region size 1024K, 60 young (61440K), 7 survivors (7168K)
 Metaspace       used 98198K, committed 98752K, reserved 1179648K
  class space    used 13303K, committed 13568K, reserved 1048576K
}
Event: 12.736 GC heap after
{Heap after GC invocations=33 (full 0):
 garbage-first heap   total 190464K, used 101365K [0x0000000080000000, 0x0000000100000000)
  region size 1024K, 6 young (6144K), 6 survivors (6144K)
 Metaspace       used 98198K, committed 98752K, reserved 1179648K
  class space    used 13303K, committed 13568K, reserved 1048576K
}
Event: 12.749 GC heap before
{Heap before GC invocations=33 (full 0):
 garbage-first heap   total 190464K, used 104437K [0x0000000080000000, 0x0000000100000000)
  region size 1024K, 9 young (9216K), 6 survivors (6144K)
 Metaspace       used 98207K, committed 98752K, reserved 1179648K
  class space    used 13303K, committed 13568K, reserved 1048576K
}
Event: 12.753 GC heap after
{Heap after GC invocations=34 (full 0):
 garbage-first heap   total 190464K, used 100235K [0x0000000080000000, 0x0000000100000000)
  region size 1024K, 1 young (1024K), 1 survivors (1024K)
 Metaspace       used 98207K, committed 98752K, reserved 1179648K
  class space    used 13303K, committed 13568K, reserved 1048576K
}
Event: 13.486 GC heap before
{Heap before GC invocations=34 (full 0):
 garbage-first heap   total 190464K, used 155531K [0x0000000080000000, 0x0000000100000000)
  region size 1024K, 55 young (56320K), 1 survivors (1024K)
 Metaspace       used 103067K, committed 103744K, reserved 1179648K
  class space    used 13851K, committed 14144K, reserved 1048576K
}
Event: 13.489 GC heap after
{Heap after GC invocations=35 (full 0):
 garbage-first heap   total 190464K, used 103340K [0x0000000080000000, 0x0000000100000000)
  region size 1024K, 4 young (4096K), 4 survivors (4096K)
 Metaspace       used 103067K, committed 103744K, reserved 1179648K
  class space    used 13851K, committed 14144K, reserved 1048576K
}
Event: 14.387 GC heap before
{Heap before GC invocations=36 (full 0):
 garbage-first heap   total 190464K, used 155564K [0x0000000080000000, 0x0000000100000000)
  region size 1024K, 56 young (57344K), 4 survivors (4096K)
 Metaspace       used 109609K, committed 110272K, reserved 1179648K
  class space    used 14593K, committed 14912K, reserved 1048576K
}
Event: 14.393 GC heap after
{Heap after GC invocations=37 (full 0):
 garbage-first heap   total 190464K, used 105727K [0x0000000080000000, 0x0000000100000000)
  region size 1024K, 3 young (3072K), 3 survivors (3072K)
 Metaspace       used 109609K, committed 110272K, reserved 1179648K
  class space    used 14593K, committed 14912K, reserved 1048576K
}
Event: 14.489 GC heap before
{Heap before GC invocations=37 (full 0):
 garbage-first heap   total 190464K, used 110847K [0x0000000080000000, 0x0000000100000000)
  region size 1024K, 9 young (9216K), 3 survivors (3072K)
 Metaspace       used 110773K, committed 111424K, reserved 1179648K
  class space    used 14672K, committed 14976K, reserved 1048576K
}
Event: 14.492 GC heap after
{Heap after GC invocations=38 (full 0):
 garbage-first heap   total 190464K, used 104336K [0x0000000080000000, 0x0000000100000000)
  region size 1024K, 1 young (1024K), 1 survivors (1024K)
 Metaspace       used 110773K, committed 111424K, reserved 1179648K
  class space    used 14672K, committed 14976K, reserved 1048576K
}
Event: 15.620 GC heap before
{Heap before GC invocations=38 (full 0):
 garbage-first heap   total 190464K, used 156560K [0x0000000080000000, 0x0000000100000000)
  region size 1024K, 53 young (54272K), 1 survivors (1024K)
 Metaspace       used 118729K, committed 119360K, reserved 1179648K
  class space    used 15514K, committed 15808K, reserved 1048576K
}

Dll operation events (3 events):
Event: 0.011 Loaded shared library D:\Android Studio\jbr\bin\java.dll
Event: 0.171 Loaded shared library D:\Android Studio\jbr\bin\zip.dll
Event: 0.768 Loaded shared library D:\Android Studio\jbr\bin\verify.dll

Deoptimization events (20 events):
Event: 15.445 Thread 0x0000019165b53910 Uncommon trap: trap_request=0xffffffc6 fr.pc=0x00000191519a8690 relative=0x00000000000008d0
Event: 15.445 Thread 0x0000019165b53910 Uncommon trap: reason=bimorphic_or_optimized_type_check action=maybe_recompile pc=0x00000191519a8690 method=org.jetbrains.kotlin.protobuf.CodedOutputStream.refreshBuffer()V @ 28 c2
Event: 15.445 Thread 0x0000019165b53910 DEOPT PACKING pc=0x00000191519a8690 sp=0x00000001f45f5d30
Event: 15.445 Thread 0x0000019165b53910 DEOPT UNPACKING pc=0x0000019150faa1a3 sp=0x00000001f45f5cc8 mode 2
Event: 15.522 Thread 0x0000019165b53910 Uncommon trap: trap_request=0xffffff45 fr.pc=0x00000191515f1038 relative=0x0000000000000218
Event: 15.522 Thread 0x0000019165b53910 Uncommon trap: reason=unstable_if action=reinterpret pc=0x00000191515f1038 method=java.util.StringTokenizer.scanToken(I)I @ 42 c2
Event: 15.522 Thread 0x0000019165b53910 DEOPT PACKING pc=0x00000191515f1038 sp=0x00000001f45f6ee0
Event: 15.522 Thread 0x0000019165b53910 DEOPT UNPACKING pc=0x0000019150faa1a3 sp=0x00000001f45f6e70 mode 2
Event: 15.531 Thread 0x0000019165b53910 Uncommon trap: trap_request=0xffffff45 fr.pc=0x00000191515e7e94 relative=0x0000000000000574
Event: 15.531 Thread 0x0000019165b53910 Uncommon trap: reason=unstable_if action=reinterpret pc=0x00000191515e7e94 method=org.objectweb.asm.ClassReader.readUtf(II[C)Ljava/lang/String; @ 41 c2
Event: 15.531 Thread 0x0000019165b53910 DEOPT PACKING pc=0x00000191515e7e94 sp=0x00000001f45f6ba0
Event: 15.531 Thread 0x0000019165b53910 DEOPT UNPACKING pc=0x0000019150faa1a3 sp=0x00000001f45f6b48 mode 2
Event: 15.531 Thread 0x0000019165b53910 Uncommon trap: trap_request=0xffffff45 fr.pc=0x000001915151c510 relative=0x00000000000005d0
Event: 15.531 Thread 0x0000019165b53910 Uncommon trap: reason=unstable_if action=reinterpret pc=0x000001915151c510 method=org.objectweb.asm.MethodWriter.visitLabel(Lorg/objectweb/asm/Label;)V @ 316 c2
Event: 15.531 Thread 0x0000019165b53910 DEOPT PACKING pc=0x000001915151c510 sp=0x00000001f45f6870
Event: 15.531 Thread 0x0000019165b53910 DEOPT UNPACKING pc=0x0000019150faa1a3 sp=0x00000001f45f6858 mode 2
Event: 15.556 Thread 0x0000019165b53910 Uncommon trap: trap_request=0xffffff45 fr.pc=0x0000019151599110 relative=0x0000000000000110
Event: 15.556 Thread 0x0000019165b53910 Uncommon trap: reason=unstable_if action=reinterpret pc=0x0000019151599110 method=org.objectweb.asm.ByteVector.putInt(I)Lorg/objectweb/asm/ByteVector; @ 13 c2
Event: 15.556 Thread 0x0000019165b53910 DEOPT PACKING pc=0x0000019151599110 sp=0x00000001f45f6c90
Event: 15.556 Thread 0x0000019165b53910 DEOPT UNPACKING pc=0x0000019150faa1a3 sp=0x00000001f45f6c28 mode 2

Classes unloaded (0 events):
No events

Classes redefined (0 events):
No events

Internal exceptions (20 events):
Event: 9.082 Thread 0x0000019165b53910 Exception <a 'java/lang/NoSuchMethodError'{0x0000000086819aa8}: 'int java.lang.invoke.Invokers$Holder.invoke_MT(java.lang.Object, java.lang.Object, java.lang.Object, java.lang.Object)'> (0x0000000086819aa8) 
thrown [s\src\hotspot\share\interpreter\linkResolver.cpp, line 771]
Event: 9.083 Thread 0x0000019165b53910 Exception <a 'java/lang/NoSuchMethodError'{0x0000000086826bb8}: 'void java.lang.invoke.DelegatingMethodHandle$Holder.reinvoke_L(java.lang.Object, java.lang.Object, java.lang.Object, long, java.lang.Object)'> (0x0000000086826bb8) 
thrown [s\src\hotspot\share\interpreter\linkResolver.cpp, line 771]
Event: 9.084 Thread 0x0000019165b53910 Exception <a 'java/lang/NoSuchMethodError'{0x000000008683a428}: 'int java.lang.invoke.DelegatingMethodHandle$Holder.reinvoke_L(java.lang.Object, java.lang.Object, java.lang.Object, long, java.lang.Object, java.lang.Object)'> (0x000000008683a428) 
thrown [s\src\hotspot\share\interpreter\linkResolver.cpp, line 771]
Event: 9.085 Thread 0x0000019165b53910 Exception <a 'java/lang/NoSuchMethodError'{0x000000008684a6b8}: 'int java.lang.invoke.DelegatingMethodHandle$Holder.reinvoke_L(java.lang.Object, java.lang.Object, java.lang.Object, long, int, int)'> (0x000000008684a6b8) 
thrown [s\src\hotspot\share\interpreter\linkResolver.cpp, line 771]
Event: 9.086 Thread 0x0000019165b53910 Exception <a 'java/lang/NoSuchMethodError'{0x000000008685a4a0}: 'int java.lang.invoke.DelegatingMethodHandle$Holder.reinvoke_L(java.lang.Object, java.lang.Object, java.lang.Object, long, long, long)'> (0x000000008685a4a0) 
thrown [s\src\hotspot\share\interpreter\linkResolver.cpp, line 771]
Event: 9.087 Thread 0x0000019165b53910 Exception <a 'java/lang/NoSuchMethodError'{0x0000000086869f68}: 'int java.lang.invoke.DelegatingMethodHandle$Holder.reinvoke_L(java.lang.Object, java.lang.Object, java.lang.Object, long, int)'> (0x0000000086869f68) 
thrown [s\src\hotspot\share\interpreter\linkResolver.cpp, line 771]
Event: 9.577 Thread 0x0000019165b53910 Exception <a 'java/lang/NoSuchMethodError'{0x0000000089ca27c8}: 'java.lang.Object java.lang.invoke.Invokers$Holder.invokeExact_MT(java.lang.Object, java.lang.Object, long, java.lang.Object)'> (0x0000000089ca27c8) 
thrown [s\src\hotspot\share\interpreter\linkResolver.cpp, line 771]
Event: 9.606 Thread 0x0000019165b53910 Exception <a 'java/lang/NoSuchMethodError'{0x0000000089918100}: 'java.lang.Object java.lang.invoke.Invokers$Holder.invoke_MT(java.lang.Object, java.lang.Object, java.lang.Object)'> (0x0000000089918100) 
thrown [s\src\hotspot\share\interpreter\linkResolver.cpp, line 771]
Event: 9.834 Thread 0x0000019165b53910 Implicit null exception at 0x000001915193667a to 0x0000019151938570
Event: 9.835 Thread 0x0000019165b53910 Implicit null exception at 0x0000019151933b99 to 0x0000019151934b50
Event: 12.421 Thread 0x0000019165b53910 Exception <a 'java/lang/NoSuchMethodError'{0x000000008ac3e330}: 'java.lang.Object java.lang.invoke.DirectMethodHandle$Holder.invokeStatic(java.lang.Object, java.lang.Object, java.lang.Object, java.lang.Object, int)'> (0x000000008ac3e330) 
thrown [s\src\hotspot\share\interpreter\linkResolver.cpp, line 771]
Event: 13.244 Thread 0x0000019165b53910 Implicit null exception at 0x00000191516bfcbd to 0x00000191516c03e0
Event: 13.244 Thread 0x0000019165b53910 Implicit null exception at 0x00000191515c920f to 0x00000191515c9240
Event: 13.714 Thread 0x0000019165b53910 Exception <a 'java/lang/NoSuchMethodError'{0x000000008a98e080}: 'java.lang.Object java.lang.invoke.DirectMethodHandle$Holder.newInvokeSpecial(java.lang.Object, java.lang.Object, java.lang.Object, int, int, java.lang.Object, java.lang.Object)'> (0x000000008a98e080) 
thrown [s\src\hotspot\share\interpreter\linkResolver.cpp, line 771]
Event: 15.483 Thread 0x0000019165b53910 Exception <a 'java/lang/NoSuchMethodError'{0x000000008878f228}: 'void java.lang.invoke.DirectMethodHandle$Holder.invokeInterface(java.lang.Object, java.lang.Object, java.lang.Object, java.lang.Object)'> (0x000000008878f228) 
thrown [s\src\hotspot\share\interpreter\linkResolver.cpp, line 771]
Event: 15.487 Thread 0x0000019165b53910 Exception <a 'sun/nio/fs/WindowsException'{0x000000008879b1b8}> (0x000000008879b1b8) 
thrown [s\src\hotspot\share\prims\jni.cpp, line 531]
Event: 15.488 Thread 0x0000019165b53910 Exception <a 'sun/nio/fs/WindowsException'{0x000000008879cbb0}> (0x000000008879cbb0) 
thrown [s\src\hotspot\share\prims\jni.cpp, line 531]
Event: 15.536 Thread 0x0000019165b53910 Exception <a 'sun/nio/fs/WindowsException'{0x00000000886b6718}> (0x00000000886b6718) 
thrown [s\src\hotspot\share\prims\jni.cpp, line 531]
Event: 15.557 Thread 0x0000019165b53910 Exception <a 'sun/nio/fs/WindowsException'{0x00000000886bfb10}> (0x00000000886bfb10) 
thrown [s\src\hotspot\share\prims\jni.cpp, line 531]
Event: 15.595 Thread 0x0000019165b53910 Exception <a 'sun/nio/fs/WindowsException'{0x00000000886da948}> (0x00000000886da948) 
thrown [s\src\hotspot\share\prims\jni.cpp, line 531]

VM Operations (20 events):
Event: 13.849 Executing VM operation: HandshakeAllThreads done
Event: 14.242 Executing VM operation: HandshakeAllThreads
Event: 14.242 Executing VM operation: HandshakeAllThreads done
Event: 14.243 Executing VM operation: HandshakeAllThreads
Event: 14.243 Executing VM operation: HandshakeAllThreads done
Event: 14.387 Executing VM operation: G1CollectForAllocation
Event: 14.393 Executing VM operation: G1CollectForAllocation done
Event: 14.489 Executing VM operation: G1CollectForAllocation
Event: 14.492 Executing VM operation: G1CollectForAllocation done
Event: 14.688 Executing VM operation: HandshakeAllThreads
Event: 14.688 Executing VM operation: HandshakeAllThreads done
Event: 15.049 Executing VM operation: HandshakeAllThreads
Event: 15.049 Executing VM operation: HandshakeAllThreads done
Event: 15.121 Executing VM operation: HandshakeAllThreads
Event: 15.121 Executing VM operation: HandshakeAllThreads done
Event: 15.256 Executing VM operation: HandshakeAllThreads
Event: 15.256 Executing VM operation: HandshakeAllThreads done
Event: 15.593 Executing VM operation: ICBufferFull
Event: 15.594 Executing VM operation: ICBufferFull done
Event: 15.620 Executing VM operation: G1CollectForAllocation

Events (20 events):
Event: 12.396 loading class java/util/AbstractList$SubList$1
Event: 12.396 loading class java/util/AbstractList$SubList$1 done
Event: 12.598 Thread 0x000001916c777ac0 Thread added: 0x000001916c777ac0
Event: 12.649 Thread 0x000001916c775040 Thread added: 0x000001916c775040
Event: 13.386 Thread 0x000001916c775040 Thread exited: 0x000001916c775040
Event: 13.386 Thread 0x000001916c777ac0 Thread exited: 0x000001916c777ac0
Event: 13.436 Thread 0x000001916c778ab0 Thread added: 0x000001916c778ab0
Event: 13.860 Thread 0x000001916c778ab0 Thread exited: 0x000001916c778ab0
Event: 15.383 loading class java/util/Vector$Itr
Event: 15.383 loading class java/util/Vector$Itr done
Event: 15.456 loading class java/lang/Byte$ByteCache
Event: 15.456 loading class java/lang/Byte$ByteCache done
Event: 15.469 loading class java/lang/ProcessBuilder
Event: 15.470 loading class java/lang/ProcessBuilder done
Event: 15.537 loading class java/nio/channels/Channels$1
Event: 15.537 loading class java/nio/channels/Channels$1 done
Event: 15.560 loading class java/util/zip/ZipInputStream
Event: 15.560 loading class java/util/zip/ZipInputStream done
Event: 15.612 loading class java/io/CharArrayWriter
Event: 15.612 loading class java/io/CharArrayWriter done


Dynamic libraries:
0x00007ff74a600000 - 0x00007ff74a60a000 	D:\Android Studio\jbr\bin\java.exe
0x00007ffda8180000 - 0x00007ffda83e0000 	C:\WINDOWS\SYSTEM32\ntdll.dll
0x00007ffda76e0000 - 0x00007ffda77a7000 	C:\WINDOWS\System32\KERNEL32.DLL
0x00007ffda5770000 - 0x00007ffda5b3a000 	C:\WINDOWS\System32\KERNELBASE.dll
0x00007ffda5620000 - 0x00007ffda576b000 	C:\WINDOWS\System32\ucrtbase.dll
0x00007ffd5bae0000 - 0x00007ffd5baf7000 	D:\Android Studio\jbr\bin\jli.dll
0x00007ffd54520000 - 0x00007ffd5453b000 	D:\Android Studio\jbr\bin\VCRUNTIME140.dll
0x00007ffda5fd0000 - 0x00007ffda619c000 	C:\WINDOWS\System32\USER32.dll
0x00007ffd8e0d0000 - 0x00007ffd8e369000 	C:\WINDOWS\WinSxS\amd64_microsoft.windows.common-controls_6595b64144ccf1df_6.0.26100.3575_none_3e0d5430e32ff727\COMCTL32.dll
0x00007ffda7a90000 - 0x00007ffda7b39000 	C:\WINDOWS\System32\msvcrt.dll
0x00007ffda8010000 - 0x00007ffda803a000 	C:\WINDOWS\System32\GDI32.dll
0x00007ffda5e90000 - 0x00007ffda5eb7000 	C:\WINDOWS\System32\win32u.dll
0x00007ffda54e0000 - 0x00007ffda5611000 	C:\WINDOWS\System32\gdi32full.dll
0x00007ffda5b40000 - 0x00007ffda5be3000 	C:\WINDOWS\System32\msvcp_win.dll
0x00007ffda7a50000 - 0x00007ffda7a7f000 	C:\WINDOWS\System32\IMM32.DLL
0x00007ffd728d0000 - 0x00007ffd728dc000 	D:\Android Studio\jbr\bin\vcruntime140_1.dll
0x00007ffd06c50000 - 0x00007ffd06cdd000 	D:\Android Studio\jbr\bin\msvcp140.dll
0x00007ffcf1820000 - 0x00007ffcf24a3000 	D:\Android Studio\jbr\bin\server\jvm.dll
0x00007ffda7620000 - 0x00007ffda76d2000 	C:\WINDOWS\System32\ADVAPI32.dll
0x00007ffda7ed0000 - 0x00007ffda7f76000 	C:\WINDOWS\System32\sechost.dll
0x00007ffda7500000 - 0x00007ffda7616000 	C:\WINDOWS\System32\RPCRT4.dll
0x00007ffd97ec0000 - 0x00007ffd97eca000 	C:\WINDOWS\SYSTEM32\WSOCK32.dll
0x00007ffda6920000 - 0x00007ffda6994000 	C:\WINDOWS\System32\WS2_32.dll
0x00007ffd97790000 - 0x00007ffd9779b000 	C:\WINDOWS\SYSTEM32\VERSION.dll
0x00007ffd97850000 - 0x00007ffd97886000 	C:\WINDOWS\SYSTEM32\WINMM.dll
0x00007ffda4b20000 - 0x00007ffda4b7e000 	C:\WINDOWS\SYSTEM32\POWRPROF.dll
0x00007ffda4b00000 - 0x00007ffda4b14000 	C:\WINDOWS\SYSTEM32\UMPDC.dll
0x00007ffda4150000 - 0x00007ffda416a000 	C:\WINDOWS\SYSTEM32\kernel.appcore.dll
0x00007ffd7cc80000 - 0x00007ffd7cc8a000 	D:\Android Studio\jbr\bin\jimage.dll
0x00007ffda2450000 - 0x00007ffda2691000 	C:\WINDOWS\SYSTEM32\DBGHELP.DLL
0x00007ffda7b40000 - 0x00007ffda7ec3000 	C:\WINDOWS\System32\combase.dll
0x00007ffda7120000 - 0x00007ffda71f6000 	C:\WINDOWS\System32\OLEAUT32.dll
0x00007ffd826d0000 - 0x00007ffd82709000 	C:\WINDOWS\SYSTEM32\dbgcore.DLL
0x00007ffda5bf0000 - 0x00007ffda5c89000 	C:\WINDOWS\System32\bcryptPrimitives.dll
0x00007ffd5bb00000 - 0x00007ffd5bb0e000 	D:\Android Studio\jbr\bin\instrument.dll
0x00007ffd66130000 - 0x00007ffd66155000 	D:\Android Studio\jbr\bin\java.dll
0x00007ffd71bf0000 - 0x00007ffd71c08000 	D:\Android Studio\jbr\bin\zip.dll
0x00007ffda69f0000 - 0x00007ffda7119000 	C:\WINDOWS\System32\SHELL32.dll
0x00007ffda5d20000 - 0x00007ffda5e88000 	C:\WINDOWS\System32\wintypes.dll
0x00007ffda2fd0000 - 0x00007ffda3823000 	C:\WINDOWS\SYSTEM32\windows.storage.dll
0x00007ffda8040000 - 0x00007ffda812d000 	C:\WINDOWS\System32\SHCORE.dll
0x00007ffda68a0000 - 0x00007ffda6905000 	C:\WINDOWS\System32\shlwapi.dll
0x00007ffda5270000 - 0x00007ffda529f000 	C:\WINDOWS\SYSTEM32\profapi.dll
0x00007ffd71960000 - 0x00007ffd71979000 	D:\Android Studio\jbr\bin\net.dll
0x00007ffd9c1a0000 - 0x00007ffd9c2be000 	C:\WINDOWS\SYSTEM32\WINHTTP.dll
0x00007ffda4690000 - 0x00007ffda46fa000 	C:\WINDOWS\system32\mswsock.dll
0x00007ffd70440000 - 0x00007ffd70456000 	D:\Android Studio\jbr\bin\nio.dll
0x00007ffd5bb70000 - 0x00007ffd5bb80000 	D:\Android Studio\jbr\bin\verify.dll
0x00007ffd52740000 - 0x00007ffd52767000 	C:\Users\akash\.gradle\native\c067742578af261105cb4f569cf0c3c89f3d7b1fecec35dd04571415982c5e48\windows-amd64\native-platform.dll
0x00007ffd03e90000 - 0x00007ffd03fd4000 	C:\Users\akash\.gradle\native\100fb08df4bc3b14c8652ba06237920a3bd2aa13389f12d3474272988ae205f9\windows-amd64\native-platform-file-events.dll
0x00007ffd71db0000 - 0x00007ffd71db9000 	D:\Android Studio\jbr\bin\management.dll
0x00007ffd721f0000 - 0x00007ffd721fb000 	D:\Android Studio\jbr\bin\management_ext.dll
0x00007ffda6910000 - 0x00007ffda6918000 	C:\WINDOWS\System32\PSAPI.DLL
0x00007ffda4930000 - 0x00007ffda494c000 	C:\WINDOWS\SYSTEM32\CRYPTSP.dll
0x00007ffda40b0000 - 0x00007ffda40ea000 	C:\WINDOWS\system32\rsaenh.dll
0x00007ffda4730000 - 0x00007ffda475b000 	C:\WINDOWS\SYSTEM32\USERENV.dll
0x00007ffda4c90000 - 0x00007ffda4cb6000 	C:\WINDOWS\SYSTEM32\bcrypt.dll
0x00007ffda4950000 - 0x00007ffda495c000 	C:\WINDOWS\SYSTEM32\CRYPTBASE.dll
0x00007ffda3ba0000 - 0x00007ffda3bd3000 	C:\WINDOWS\SYSTEM32\IPHLPAPI.DLL
0x00007ffda8130000 - 0x00007ffda813a000 	C:\WINDOWS\System32\NSI.dll
0x00007ffd9e420000 - 0x00007ffd9e43f000 	C:\WINDOWS\SYSTEM32\dhcpcsvc6.DLL
0x00007ffd9e080000 - 0x00007ffd9e0a5000 	C:\WINDOWS\SYSTEM32\dhcpcsvc.DLL
0x00007ffda3c40000 - 0x00007ffda3d65000 	C:\WINDOWS\SYSTEM32\DNSAPI.dll
0x00007ffd7bee0000 - 0x00007ffd7bee9000 	D:\Android Studio\jbr\bin\extnet.dll
0x00007ffd7ea40000 - 0x00007ffd7ea48000 	C:\WINDOWS\system32\wshunix.dll

dbghelp: loaded successfully - version: 4.0.5 - missing functions: none
symbol engine: initialized successfully - sym options: 0x614 - pdb path: .;D:\Android Studio\jbr\bin;C:\WINDOWS\SYSTEM32;C:\WINDOWS\WinSxS\amd64_microsoft.windows.common-controls_6595b64144ccf1df_6.0.26100.3575_none_3e0d5430e32ff727;D:\Android Studio\jbr\bin\server;C:\Users\akash\.gradle\native\c067742578af261105cb4f569cf0c3c89f3d7b1fecec35dd04571415982c5e48\windows-amd64;C:\Users\akash\.gradle\native\100fb08df4bc3b14c8652ba06237920a3bd2aa13389f12d3474272988ae205f9\windows-amd64

VM Arguments:
jvm_args: --add-opens=java.base/java.util=ALL-UNNAMED --add-opens=java.base/java.lang=ALL-UNNAMED --add-opens=java.base/java.lang.invoke=ALL-UNNAMED --add-opens=java.prefs/java.util.prefs=ALL-UNNAMED --add-exports=jdk.compiler/com.sun.tools.javac.api=ALL-UNNAMED --add-exports=jdk.compiler/com.sun.tools.javac.util=ALL-UNNAMED --add-opens=java.base/java.nio.charset=ALL-UNNAMED --add-opens=java.base/java.net=ALL-UNNAMED --add-opens=java.base/java.util.concurrent.atomic=ALL-UNNAMED -Xmx2048m -Dfile.encoding=UTF-8 -Duser.country=IN -Duser.language=en -Duser.variant -javaagent:C:\Users\akash\.gradle\wrapper\dists\gradle-8.10.2-bin\a04bxjujx95o3nb99gddekhwo\gradle-8.10.2\lib\agents\gradle-instrumentation-agent-8.10.2.jar 
java_command: org.gradle.launcher.daemon.bootstrap.GradleDaemon 8.10.2
java_class_path (initial): C:\Users\akash\.gradle\wrapper\dists\gradle-8.10.2-bin\a04bxjujx95o3nb99gddekhwo\gradle-8.10.2\lib\gradle-daemon-main-8.10.2.jar
Launcher Type: SUN_STANDARD

[Global flags]
     intx CICompilerCount                          = 4                                         {product} {ergonomic}
     uint ConcGCThreads                            = 2                                         {product} {ergonomic}
     uint G1ConcRefinementThreads                  = 8                                         {product} {ergonomic}
   size_t G1HeapRegionSize                         = 1048576                                   {product} {ergonomic}
    uintx GCDrainStackTargetSize                   = 64                                        {product} {ergonomic}
   size_t InitialHeapSize                          = 266338304                                 {product} {ergonomic}
   size_t MarkStackSize                            = 4194304                                   {product} {ergonomic}
   size_t MaxHeapSize                              = 2147483648                                {product} {command line}
   size_t MaxNewSize                               = 1287651328                                {product} {ergonomic}
   size_t MinHeapDeltaBytes                        = 1048576                                   {product} {ergonomic}
   size_t MinHeapSize                              = 8388608                                   {product} {ergonomic}
    uintx NonNMethodCodeHeapSize                   = 5839372                                {pd product} {ergonomic}
    uintx NonProfiledCodeHeapSize                  = 122909434                              {pd product} {ergonomic}
    uintx ProfiledCodeHeapSize                     = 122909434                              {pd product} {ergonomic}
    uintx ReservedCodeCacheSize                    = 251658240                              {pd product} {ergonomic}
     bool SegmentedCodeCache                       = true                                      {product} {ergonomic}
   size_t SoftMaxHeapSize                          = 2147483648                             {manageable} {ergonomic}
     bool UseCompressedClassPointers               = true                           {product lp64_product} {ergonomic}
     bool UseCompressedOops                        = true                           {product lp64_product} {ergonomic}
     bool UseG1GC                                  = true                                      {product} {ergonomic}
     bool UseLargePagesIndividualAllocation        = false                                  {pd product} {ergonomic}

Logging:
Log output configuration:
 #0: stdout all=warning uptime,level,tags
 #1: stderr all=off uptime,level,tags

Environment Variables:
JAVA_HOME=C:\Users\akash\AppData\Local\jdk-17
PATH=C:\Program Files\Common Files\Oracle\Java\javapath;C:\Program Files (x86)\Common Files\Oracle\Java\java8path;C:\Program Files (x86)\Common Files\Oracle\Java\javapath;C:\WINDOWS\system32;C:\WINDOWS;C:\WINDOWS\System32\Wbem;C:\WINDOWS\System32\WindowsPowerShell\v1.0\;C:\WINDOWS\System32\OpenSSH\;C:\MinGW\bin;C:\MinGW\bin\g++.exe;C:\Program Files\Microsoft SQL Server\Client SDK\ODBC\170\Tools\Binn\;C:\Program Files (x86)\Microsoft SQL Server\160\DTS\Binn\;C:\Program Files\Git\cmd;C:\ProgramData\chocolatey\bin;C:\Program Files\Java\jdk-17\bin;C:\Program Files\Microsoft SQL Server\150\Tools\Binn\;C:\Program Files\nodejs\;C:\Users\akash\AppData\Local\jdk-11.0.2\bin;C:\Users\akash\AppData\Local\Microsoft\WindowsApps;C:\Users\akash\AppData\Local\Programs\Microsoft VS Code\bin;C:\Users\akash\AppData\Local\Packages\PythonSoftwareFoundation.Python.3.11_qbz5n2kfra8p0\LocalCache\local-packages\Python311\Scripts;C:\Users\akash\.dotnet\tools;D:\Downloads\flutter_windows_3.19.0-stable\flutter\bin;C:\Users\akash\AppData\Local\Pub\Cache\bin;C:\Users\akash\AppData\Local\spicetify;C:\Program Files\Azure Data Studio\bin;C:\Users\akash\AppData\Local\Microsoft\WindowsApps;C:\Program Files\Java\jdk-17\bin;C:\Users\akash\AppData\Roaming\npm;C:\Users\akash\AppData\Local\Android\Sdk\platform-tools;C:\Users\akash\.bun\bin;D:\coding\cursor\resources\app\bin;D:\coding\Windsurf\bin
USERNAME=akash
OS=Windows_NT
PROCESSOR_IDENTIFIER=Intel64 Family 6 Model 140 Stepping 2, GenuineIntel
TMP=C:\Users\akash\AppData\Local\Temp
TEMP=C:\Users\akash\AppData\Local\Temp



Periodic native trim disabled

JNI global refs:
JNI global refs: 27, weak refs: 0

JNI global refs memory usage: 843, weak refs: 841

Process memory usage:
Resident Set Size: 463060K (2% of 16555320K total physical memory with 2143596K free physical memory)

OOME stack traces (most recent first):
Classloader memory used:
Loader org.gradle.internal.classloader.VisitableURLClassLoader                         : 10986K
Loader bootstrap                                                                       : 2528K
Loader org.gradle.initialization.MixInLegacyTypesClassLoader                           : 1153K
Loader jdk.internal.loader.ClassLoaders$PlatformClassLoader                            : 67069B
Loader jdk.internal.jrtfs.JrtFileSystemProvider$JrtFsLoader                            : 41212B
Loader jdk.internal.loader.ClassLoaders$AppClassLoader                                 : 29267B
Loader jdk.internal.reflect.DelegatingClassLoader                                      : 22904B
Loader org.gradle.internal.classloader.VisitableURLClassLoader                         : 16713B

Classes loaded by more than one classloader:
Class Program                                                                         : loaded 3 times (x 70B)
Class org.gradle.internal.classpath.ClassPath                                         : loaded 2 times (x 68B)
Class org.gradle.api.internal.classpath.DefaultModuleRegistry                         : loaded 2 times (x 84B)
Class Settings_gradle$1$1                                                             : loaded 2 times (x 72B)
Class jdk.internal.jimage.BasicImageReader$1                                          : loaded 2 times (x 75B)
Class org.gradle.api.Action                                                           : loaded 2 times (x 68B)
Class jdk.internal.jimage.ImageBufferCache$1                                          : loaded 2 times (x 78B)
Class jdk.internal.jimage.ImageBufferCache$2                                          : loaded 2 times (x 89B)
Class org.gradle.api.internal.DefaultClassPathProvider                                : loaded 2 times (x 74B)
Class org.gradle.internal.installation.GradleInstallation$1                           : loaded 2 times (x 73B)
Class jdk.internal.jrtfs.SystemImage$1                                                : loaded 2 times (x 76B)
Class jdk.internal.jrtfs.SystemImage$2                                                : loaded 2 times (x 74B)
Class org.gradle.internal.classloader.FilteringClassLoader                            : loaded 2 times (x 103B)
Class jdk.internal.jimage.ImageReader$Resource                                        : loaded 2 times (x 82B)
Class jdk.internal.jrtfs.SystemImage                                                  : loaded 2 times (x 72B)
Class org.gradle.internal.classpath.DefaultClassPath$ImmutableUniqueList$Builder      : loaded 2 times (x 73B)
Class jdk.internal.jrtfs.JrtDirectoryStream$1                                         : loaded 2 times (x 81B)
Class org.gradle.internal.classloader.ClassLoaderVisitor                              : loaded 2 times (x 74B)
Class org.gradle.internal.service.DefaultServiceLocator                               : loaded 2 times (x 81B)
Class org.gradle.internal.service.UnknownServiceException                             : loaded 2 times (x 81B)
Class org.gradle.internal.classloader.DefaultClassLoaderFactory                       : loaded 2 times (x 80B)
Class jdk.internal.jimage.ImageReader$SharedImageReader                               : loaded 2 times (x 93B)
Class jdk.internal.jimage.decompressor.ZipDecompressorFactory                         : loaded 2 times (x 72B)
Class org.gradle.internal.classloader.VisitableURLClassLoader$Spec                    : loaded 2 times (x 72B)
Class org.gradle.api.GradleException                                                  : loaded 2 times (x 80B)
Class org.gradle.api.internal.classpath.ModuleRegistry                                : loaded 2 times (x 68B)
Class org.gradle.api.internal.ClassPathProvider                                       : loaded 2 times (x 68B)
Class org.gradle.internal.classloader.ClasspathUtil$1                                 : loaded 2 times (x 74B)
Class org.gradle.internal.classloader.ClassLoaderFactory                              : loaded 2 times (x 68B)
Class jdk.internal.jimage.ImageHeader                                                 : loaded 2 times (x 69B)
Class org.gradle.api.internal.classpath.ManifestUtil                                  : loaded 2 times (x 69B)
Class org.gradle.api.specs.Spec                                                       : loaded 2 times (x 68B)
Class org.gradle.internal.IoActions                                                   : loaded 2 times (x 69B)
Class jdk.internal.jimage.decompressor.StringSharingDecompressorFactory               : loaded 2 times (x 72B)
Class org.gradle.api.internal.classpath.EffectiveClassPath                            : loaded 2 times (x 88B)
Class org.gradle.internal.installation.CurrentGradleInstallation                      : loaded 2 times (x 71B)
Class org.gradle.internal.installation.CurrentGradleInstallationLocator               : loaded 2 times (x 69B)
Class org.gradle.api.internal.classpath.Module                                        : loaded 2 times (x 68B)
Class org.gradle.internal.service.CachingServiceLocator                               : loaded 2 times (x 80B)
Class org.gradle.internal.classpath.DefaultClassPath                                  : loaded 2 times (x 88B)
Class jdk.internal.jimage.BasicImageReader                                            : loaded 2 times (x 93B)
Class jdk.internal.jimage.ImageLocation                                               : loaded 2 times (x 88B)
Class jdk.internal.jimage.ImageReader$Node                                            : loaded 2 times (x 82B)
Class jdk.internal.jimage.decompressor.CompressedResourceHeader                       : loaded 2 times (x 69B)
Class jdk.internal.jrtfs.JrtPath                                                      : loaded 2 times (x 116B)
Class jdk.internal.jimage.ImageStrings                                                : loaded 2 times (x 68B)
Class jdk.internal.jrtfs.JrtFileAttributes                                            : loaded 2 times (x 81B)
Class org.gradle.internal.classloader.SystemClassLoaderSpec                           : loaded 2 times (x 69B)
Class jdk.internal.jimage.decompressor.ResourceDecompressorRepository                 : loaded 2 times (x 69B)
Class org.gradle.api.UncheckedIOException                                             : loaded 2 times (x 80B)
Class jdk.internal.jimage.decompressor.ResourceDecompressor$StringsProvider           : loaded 2 times (x 68B)
Class org.gradle.internal.installation.GradleInstallation                             : loaded 2 times (x 73B)
Class jdk.internal.jimage.decompressor.Decompressor                                   : loaded 2 times (x 70B)
Class jdk.internal.jrtfs.JrtFileSystem                                                : loaded 2 times (x 100B)
Class org.gradle.api.internal.classpath.GlobalCacheRootsProvider                      : loaded 2 times (x 68B)
Class jdk.internal.jrtfs.JrtFileSystemProvider                                        : loaded 2 times (x 97B)
Class org.gradle.internal.classloader.ClasspathUtil                                   : loaded 2 times (x 69B)
Class jdk.internal.jrtfs.JrtDirectoryStream                                           : loaded 2 times (x 87B)
Class jdk.internal.jimage.decompressor.ResourceDecompressor                           : loaded 2 times (x 68B)
Class org.gradle.api.internal.DefaultClassPathRegistry                                : loaded 2 times (x 74B)
Class org.gradle.api.internal.classpath.DefaultModuleRegistry$DefaultModule           : loaded 2 times (x 84B)
Class org.gradle.api.internal.classpath.UnknownModuleException                        : loaded 2 times (x 80B)
Class org.gradle.internal.service.ServiceLookupException                              : loaded 2 times (x 80B)
Class jdk.internal.jimage.ImageStringsReader                                          : loaded 2 times (x 78B)
Class jdk.internal.jimage.decompressor.ResourceDecompressorFactory                    : loaded 2 times (x 72B)
Class [Lorg.gradle.api.internal.ClassPathProvider;                                    : loaded 2 times (x 67B)
Class jdk.internal.jimage.ImageReader$SharedImageReader$LocationVisitor               : loaded 2 times (x 68B)
Class org.gradle.util.internal.GUtil                                                  : loaded 2 times (x 69B)
Class jdk.internal.jimage.decompressor.ZipDecompressor                                : loaded 2 times (x 73B)
Class org.gradle.internal.classloader.ClassLoaderSpec                                 : loaded 2 times (x 69B)
Class org.gradle.internal.classloader.InstrumentingClassLoader                        : loaded 2 times (x 68B)
Class org.gradle.internal.classloader.VisitableURLClassLoader                         : loaded 2 times (x 115B)
Class org.gradle.internal.Cast                                                        : loaded 2 times (x 69B)
Class org.gradle.api.internal.ClassPathRegistry                                       : loaded 2 times (x 68B)
Class org.gradle.internal.classloader.VisitableURLClassLoader$InstrumentingVisitableURLClassLoader: loaded 2 times (x 121B)
Class org.gradle.internal.classloader.ClassLoaderHierarchy                            : loaded 2 times (x 68B)
Class jdk.internal.jimage.ImageReader                                                 : loaded 2 times (x 73B)
Class org.gradle.internal.InternalTransformer                                         : loaded 2 times (x 68B)
Class org.gradle.internal.service.ServiceLocator                                      : loaded 2 times (x 68B)
Class Settings_gradle$1                                                               : loaded 2 times (x 72B)
Class org.gradle.internal.classpath.DefaultClassPath$ImmutableUniqueList              : loaded 2 times (x 159B)
Class jdk.internal.jimage.ImageBufferCache                                            : loaded 2 times (x 69B)
Class org.gradle.internal.classpath.TransformedClassPath                              : loaded 2 times (x 94B)
Class Settings_gradle                                                                 : loaded 2 times (x 126B)
Class jdk.internal.jimage.ImageReader$Directory                                       : loaded 2 times (x 82B)


---------------  S Y S T E M  ---------------

OS:
 Windows 11 , 64 bit Build 26100 (10.0.26100.3575)
OS uptime: 0 days 22:23 hours
Hyper-V role detected

CPU: total 8 (initial active 8) (4 cores per cpu, 2 threads per core) family 6 model 140 stepping 2 microcode 0x22, cx8, cmov, fxsr, ht, mmx, 3dnowpref, sse, sse2, sse3, ssse3, sse4.1, sse4.2, popcnt, lzcnt, tsc, tscinvbit, avx, avx2, aes, erms, clmul, bmi1, bmi2, adx, avx512f, avx512dq, avx512cd, avx512bw, avx512vl, sha, fma, vzeroupper, avx512_vpopcntdq, avx512_vpclmulqdq, avx512_vaes, avx512_vnni, clflush, clflushopt, clwb, avx512_vbmi2, avx512_vbmi, hv
Processor Information for all 8 processors :
  Max Mhz: 3187, Current Mhz: 3187, Mhz Limit: 3187

Memory: 4k page, system-wide physical 16167M (2096M free)
TotalPageFile size 37241M (AvailPageFile size 103M)
current process WorkingSet (physical memory assigned to process): 452M, peak: 460M
current process commit charge ("private bytes"): 560M, peak: 678M

vm_info: OpenJDK 64-Bit Server VM (17.0.11+0--11852314) for windows-amd64 JRE (17.0.11+0--11852314), built on May 16 2024 21:29:20 by "androidbuild" with MS VC++ 16.10 / 16.11 (VS2019)

END.
